#
# There is insufficient memory for the Java Runtime Environment to continue.
# Native memory allocation (mmap) failed to map 4161536 bytes. Error detail: G1 virtual space
# Possible reasons:
#   The system is out of physical RAM or swap space
#   This process is running with CompressedOops enabled, and the Java Heap may be blocking the growth of the native heap
# Possible solutions:
#   Reduce memory load on the system
#   Increase physical memory or swap space
#   Check if swap backing store is full
#   Decrease Java heap size (-Xmx/-Xms)
#   Decrease number of Java threads
#   Decrease Java thread stack sizes (-Xss)
#   Set larger code cache with -XX:ReservedCodeCacheSize=
#   JVM is running with Zero Based Compressed Oops mode in which the Java heap is
#     placed in the first 32GB address space. The Java Heap base address is the
#     maximum limit for the native heap growth. Please use -XX:HeapBaseMinAddress
#     to set the Java Heap base and to place the Java Heap above 32GB virtual address.
# This output file may be truncated or incomplete.
#
#  Out of Memory Error (os_windows.cpp:3618), pid=9892, tid=22600
#
# JRE version:  (17.0.14+7) (build )
# Java VM: OpenJDK 64-Bit Server VM (17.0.14+7-adhoc..jdk17u, mixed mode, sharing, tiered, compressed oops, compressed class ptrs, g1 gc, windows-amd64)
# No core dump will be written. Minidumps are not enabled by default on client versions of Windows
#

---------------  S U M M A R Y ------------

Command Line: org.jetbrains.kotlin.cli.jvm.K2JVMCompiler @C:\Users\hamza\Documents\GitHub\Truckingapp\app\build\20251228_3321984819644255193.compiler.options

Host: Intel(R) Core(TM) i5-8265U CPU @ 1.60GHz, 8 cores, 15G,  Windows 11 , 64 bit Build 26100 (10.0.26100.7309)
Time: Sun Dec 28 02:12:09 2025 Pakistan Standard Time elapsed time: 1.778426 seconds (0d 0h 0m 1s)

---------------  T H R E A D  ---------------

Current thread (0x0000026c0a60e5f0):  JavaThread "Unknown thread" [_thread_in_vm, id=22600, stack(0x0000008e1ae00000,0x0000008e1af00000)]

Stack: [0x0000008e1ae00000,0x0000008e1af00000]
Native frames: (J=compiled Java code, j=interpreted, Vv=VM code, C=native code)
V  [jvm.dll+0x681069]
V  [jvm.dll+0x838cca]
V  [jvm.dll+0x83a78e]
V  [jvm.dll+0x83adf3]
V  [jvm.dll+0x24826f]
V  [jvm.dll+0x67dd99]
V  [jvm.dll+0x67286a]
V  [jvm.dll+0x30826b]
V  [jvm.dll+0x30f756]
V  [jvm.dll+0x35fae3]
V  [jvm.dll+0x35fd0f]
V  [jvm.dll+0x2df21c]
V  [jvm.dll+0x2e0174]
V  [jvm.dll+0x80a48b]
V  [jvm.dll+0x36d841]
V  [jvm.dll+0x7e8db5]
V  [jvm.dll+0x3f154f]
V  [jvm.dll+0x3f30c1]
C  [jli.dll+0x52ab]
C  [ucrtbase.dll+0x37b0]
C  [KERNEL32.DLL+0x2e8d7]
C  [ntdll.dll+0x8c53c]


---------------  P R O C E S S  ---------------

Threads class SMR info:
_java_thread_list=0x00007ffbb5968f18, length=0, elements={
}

Java Threads: ( => current thread )

Other Threads:
  0x0000026c0c868bd0 GCTaskThread "GC Thread#0" [stack: 0x0000008e1af00000,0x0000008e1b000000] [id=16732]
  0x0000026c0c879820 ConcurrentGCThread "G1 Main Marker" [stack: 0x0000008e1b000000,0x0000008e1b100000] [id=1112]
  0x0000026c0c87a240 ConcurrentGCThread "G1 Conc#0" [stack: 0x0000008e1b100000,0x0000008e1b200000] [id=11092]

[error occurred during error reporting (printing all threads), id 0xc0000005, EXCEPTION_ACCESS_VIOLATION (0xc0000005) at pc=0x00007ffbb511f957]

VM state: not at safepoint (not fully initialized)

VM Mutex/Monitor currently owned by a thread:  ([mutex/lock_event])
[0x0000026c0a60ce70] Heap_lock - owner thread: 0x0000026c0a60e5f0

Heap address: 0x0000000703000000, size: 4048 MB, Compressed Oops mode: Zero based, Oop shift amount: 3

CDS archive(s) mapped at: [0x0000000000000000-0x0000000000000000-0x0000000000000000), size 0, SharedBaseAddress: 0x0000000800000000, ArchiveRelocationMode: 1.
Narrow klass base: 0x0000000000000000, Narrow klass shift: 0, Narrow klass range: 0x0

GC Precious Log:
<Empty>

Heap:
 garbage-first heap   total 0K, used 0K [0x0000000703000000, 0x0000000800000000)
  region size 2048K, 0 young (0K), 0 survivors (0K)

[error occurred during error reporting (printing heap information), id 0xc0000005, EXCEPTION_ACCESS_VIOLATION (0xc0000005) at pc=0x00007ffbb550a2b9]

GC Heap History (0 events):
No events

Dll operation events (1 events):
Event: 0.074 Loaded shared library C:\Program Files\OpenLogic\jdk-17.0.14.7-hotspot\bin\java.dll

Deoptimization events (0 events):
No events

Classes loaded (0 events):
No events

Classes unloaded (0 events):
No events

Classes redefined (0 events):
No events

Internal exceptions (0 events):
No events

VM Operations (0 events):
No events

Memory protections (0 events):
No events

Nmethod flushes (0 events):
No events

Events (0 events):
No events


Dynamic libraries:
0x00007ff762b90000 - 0x00007ff762b9e000 	C:\Program Files\OpenLogic\jdk-17.0.14.7-hotspot\bin\java.exe
0x00007ffc52820000 - 0x00007ffc52a87000 	C:\WINDOWS\SYSTEM32\ntdll.dll
0x00007ffc516c0000 - 0x00007ffc51789000 	C:\WINDOWS\System32\KERNEL32.DLL
0x00007ffc4fe50000 - 0x00007ffc5023f000 	C:\WINDOWS\System32\KERNELBASE.dll
0x00007ffc50440000 - 0x00007ffc5058b000 	C:\WINDOWS\System32\ucrtbase.dll
0x00007ffc2b050000 - 0x00007ffc2b06b000 	C:\Program Files\OpenLogic\jdk-17.0.14.7-hotspot\bin\VCRUNTIME140.dll
0x00007ffc2b030000 - 0x00007ffc2b047000 	C:\Program Files\OpenLogic\jdk-17.0.14.7-hotspot\bin\jli.dll
0x00007ffc514e0000 - 0x00007ffc516a5000 	C:\WINDOWS\System32\USER32.dll
0x00007ffc50590000 - 0x00007ffc505b7000 	C:\WINDOWS\System32\win32u.dll
0x00007ffc51fc0000 - 0x00007ffc51feb000 	C:\WINDOWS\System32\GDI32.dll
0x00007ffc363e0000 - 0x00007ffc36673000 	C:\WINDOWS\WinSxS\amd64_microsoft.windows.common-controls_6595b64144ccf1df_6.0.26100.7309_none_3e05feeae336a044\COMCTL32.dll
0x00007ffc505f0000 - 0x00007ffc50699000 	C:\WINDOWS\System32\msvcrt.dll
0x00007ffc50310000 - 0x00007ffc5043c000 	C:\WINDOWS\System32\gdi32full.dll
0x00007ffc4faf0000 - 0x00007ffc4fb93000 	C:\WINDOWS\System32\msvcp_win.dll
0x00007ffc51ec0000 - 0x00007ffc51ef1000 	C:\WINDOWS\System32\IMM32.DLL
0x00007ffc35360000 - 0x00007ffc3536c000 	C:\Program Files\OpenLogic\jdk-17.0.14.7-hotspot\bin\vcruntime140_1.dll
0x00007ffbf9c70000 - 0x00007ffbf9cfd000 	C:\Program Files\OpenLogic\jdk-17.0.14.7-hotspot\bin\msvcp140.dll
0x00007ffbb4e30000 - 0x00007ffbb5a9c000 	C:\Program Files\OpenLogic\jdk-17.0.14.7-hotspot\bin\server\jvm.dll
0x00007ffc52380000 - 0x00007ffc52434000 	C:\WINDOWS\System32\ADVAPI32.dll
0x00007ffc51ae0000 - 0x00007ffc51b86000 	C:\WINDOWS\System32\sechost.dll
0x00007ffc50eb0000 - 0x00007ffc50fc8000 	C:\WINDOWS\System32\RPCRT4.dll
0x00007ffc51ca0000 - 0x00007ffc51d14000 	C:\WINDOWS\System32\WS2_32.dll
0x00007ffc3a4e0000 - 0x00007ffc3a515000 	C:\WINDOWS\SYSTEM32\WINMM.dll
0x00007ffc4f7d0000 - 0x00007ffc4f82e000 	C:\WINDOWS\SYSTEM32\POWRPROF.dll
0x00007ffc469d0000 - 0x00007ffc469db000 	C:\WINDOWS\SYSTEM32\VERSION.dll
0x00007ffc4f7b0000 - 0x00007ffc4f7c4000 	C:\WINDOWS\SYSTEM32\UMPDC.dll
0x00007ffc4e720000 - 0x00007ffc4e73b000 	C:\WINDOWS\SYSTEM32\kernel.appcore.dll
0x00007ffc2c290000 - 0x00007ffc2c29a000 	C:\Program Files\OpenLogic\jdk-17.0.14.7-hotspot\bin\jimage.dll
0x00007ffc4d050000 - 0x00007ffc4d292000 	C:\WINDOWS\SYSTEM32\DBGHELP.DLL
0x00007ffc52440000 - 0x00007ffc527c5000 	C:\WINDOWS\System32\combase.dll
0x00007ffc51790000 - 0x00007ffc51866000 	C:\WINDOWS\System32\OLEAUT32.dll
0x00007ffc2dc70000 - 0x00007ffc2dcac000 	C:\WINDOWS\SYSTEM32\dbgcore.DLL
0x00007ffc4fba0000 - 0x00007ffc4fc45000 	C:\WINDOWS\System32\bcryptPrimitives.dll
0x00007ffc2afa0000 - 0x00007ffc2afc5000 	C:\Program Files\OpenLogic\jdk-17.0.14.7-hotspot\bin\java.dll

dbghelp: loaded successfully - version: 4.0.5 - missing functions: none
symbol engine: initialized successfully - sym options: 0x614 - pdb path: .;C:\Program Files\OpenLogic\jdk-17.0.14.7-hotspot\bin;C:\WINDOWS\SYSTEM32;C:\WINDOWS\WinSxS\amd64_microsoft.windows.common-controls_6595b64144ccf1df_6.0.26100.7309_none_3e05feeae336a044;C:\Program Files\OpenLogic\jdk-17.0.14.7-hotspot\bin\server

VM Arguments:
java_command: org.jetbrains.kotlin.cli.jvm.K2JVMCompiler @C:\Users\hamza\Documents\GitHub\Truckingapp\app\build\20251228_3321984819644255193.compiler.options
java_class_path (initial): C:\Users\hamza\.gradle\caches\modules-2\files-2.1\org.jetbrains.kotlin\kotlin-compiler-embeddable\1.8.10\b0757fd774344d54ce93f5ad6c30ba1c1731c8ff\kotlin-compiler-embeddable-1.8.10.jar;C:\Users\hamza\.gradle\caches\modules-2\files-2.1\org.jetbrains.kotlin\kotlin-stdlib\1.8.10\6d5560a229477df9406943d5feda5618e98eb64c\kotlin-stdlib-1.8.10.jar;C:\Users\hamza\.gradle\caches\modules-2\files-2.1\org.jetbrains.kotlin\kotlin-script-runtime\1.8.10\b13ea9c7e46d589139e56086a878763290e20bd5\kotlin-script-runtime-1.8.10.jar;C:\Users\hamza\.gradle\caches\modules-2\files-2.1\org.jetbrains.kotlin\kotlin-reflect\1.6.10\1cbe9c92c12a94eea200d23c2bbaedaf3daf5132\kotlin-reflect-1.6.10.jar;C:\Users\hamza\.gradle\caches\modules-2\files-2.1\org.jetbrains.kotlin\kotlin-daemon-embeddable\1.8.10\ad8541d9bc1cf9e52c3204161247910c2cf601d4\kotlin-daemon-embeddable-1.8.10.jar;C:\Users\hamza\.gradle\caches\modules-2\files-2.1\org.jetbrains.intellij.deps\trove4j\1.0.20200330\3afb14d5f9ceb459d724e907a21145e8ff394f02\trove4j-1.0.20200330.jar;C:\Users\hamza\.gradle\caches\modules-2\files-2.1\net.java.dev.jna\jna\5.6.0\330f2244e9030119ab3030fc3fededc86713d9cc\jna-5.6.0.jar;C:\Users\hamza\.gradle\caches\modules-2\files-2.1\org.jetbrains.kotlin\kotlin-stdlib-common\1.8.10\a61b182458550492c12aee66157d7b524a63a5ec\kotlin-stdlib-common-1.8.10.jar;C:\Users\hamza\.gradle\caches\modules-2\files-2.1\org.jetbrains\annotations\13.0\919f0dfe192fb4e063e7dacadee7f8bb9a2672a9\annotations-13.0.jar
Launcher Type: SUN_STANDARD

[Global flags]
     intx CICompilerCount                          = 4                                         {product} {ergonomic}
     uint ConcGCThreads                            = 2                                         {product} {ergonomic}
     uint G1ConcRefinementThreads                  = 8                                         {product} {ergonomic}
   size_t G1HeapRegionSize                         = 2097152                                   {product} {ergonomic}
    uintx GCDrainStackTargetSize                   = 64                                        {product} {ergonomic}
   size_t InitialHeapSize                          = 266338304                                 {product} {ergonomic}
   size_t MarkStackSize                            = 4194304                                   {product} {ergonomic}
   size_t MaxHeapSize                              = 4244635648                                {product} {ergonomic}
   size_t MinHeapDeltaBytes                        = 2097152                                   {product} {ergonomic}
   size_t MinHeapSize                              = 8388608                                   {product} {ergonomic}
    uintx NonNMethodCodeHeapSize                   = 5839372                                {pd product} {ergonomic}
    uintx NonProfiledCodeHeapSize                  = 122909434                              {pd product} {ergonomic}
    uintx ProfiledCodeHeapSize                     = 122909434                              {pd product} {ergonomic}
    uintx ReservedCodeCacheSize                    = 251658240                              {pd product} {ergonomic}
     bool SegmentedCodeCache                       = true                                      {product} {ergonomic}
   size_t SoftMaxHeapSize                          = 4244635648                             {manageable} {ergonomic}
     bool UseCompressedClassPointers               = true                           {product lp64_product} {ergonomic}
     bool UseCompressedOops                        = true                           {product lp64_product} {ergonomic}
     bool UseG1GC                                  = true                                      {product} {ergonomic}
     bool UseLargePagesIndividualAllocation        = false                                  {pd product} {ergonomic}

Logging:
Log output configuration:
 #0: stdout all=warning uptime,level,tags
 #1: stderr all=off uptime,level,tags

Environment Variables:
CLASSPATH=C:\Users\hamza\Documents\GitHub\Truckingapp\\gradle\wrapper\gradle-wrapper.jar
PATH=C:\Program Files\OpenLogic\jdk-17.0.14.7-hotspot\bin;C:\Program Files\Python38\Scripts\;C:\Program Files\Python38\;C:\Program Files\Common Files\Oracle\Java\javapath;C:\WINDOWS\system32;C:\WINDOWS;C:\WINDOWS\System32\Wbem;C:\WINDOWS\System32\WindowsPowerShell\v1.0\;C:\WINDOWS\System32\OpenSSH\;C:\Program Files\Java\jdk-11\binn;C:\Program Files\Java\jdk-11_;E:\src\flutter\bin;E:\src\flutter;C:\Program Files\Git\cmd;C:\Program Files\nodejs\node_modules\npm\bin;C:\Program Files\nodejs\node_modules\npm;C:\Users\hamza\AppData\Local\Pub\Cache\bin;C:\Program Files\dotnet\;C:\Program Files\Microsoft SQL Server\150\Tools\Binn\;E:\xampp\php;C:\ProgramData\ComposerSetup\bin;C:\ProgramData\chocolatey\bin;C:\Users\hamza\AppData\Local\Microsoft\WindowsApps;C:\Users\hamza\AppData\Local\GitHubDesktop\bin;C:\Program Files\Java\jdk-11\binn;C:\Program Files\Java\jdk-11_;C:\src\flutter\bin;E:\src\flutter;C:\Program Files\JetBrains\PyCharm 2024.2.4\bin;;C:\Program Files\nodejs\node_modules\npm\bin;C:\Program Files\nodejs\node_modules\npm;C:\Users\hamza\AppData\Local\Pub\Cache\bin;C:\Users\hamza\.dotnet\tools;C:\Users\hamza\AppData\Roaming\Composer\vendor\bin;C:\Users\hamza\AppData\Local\Programs\Antigravity\bin
USERNAME=hamza
OS=Windows_NT
PROCESSOR_IDENTIFIER=Intel64 Family 6 Model 142 Stepping 12, GenuineIntel
TMP=C:\Users\hamza\AppData\Local\Temp
TEMP=C:\Users\hamza\AppData\Local\Temp



Periodic native trim disabled


---------------  S Y S T E M  ---------------

OS:
 Windows 11 , 64 bit Build 26100 (10.0.26100.7309)
OS uptime: 11 days 7:08 hours

CPU: total 8 (initial active 8) (4 cores per cpu, 2 threads per core) family 6 model 142 stepping 12 microcode 0x100, cx8, cmov, fxsr, ht, mmx, 3dnowpref, sse, sse2, sse3, ssse3, sse4.1, sse4.2, popcnt, lzcnt, tsc, tscinvbit, avx, avx2, aes, erms, clmul, bmi1, bmi2, adx, fma, vzeroupper, clflush, clflushopt
Processor Information for processor 0
  Max Mhz: 1800, Current Mhz: 1600, Mhz Limit: 1584
Processor Information for processor 1
  Max Mhz: 1800, Current Mhz: 1600, Mhz Limit: 1584
Processor Information for processor 2
  Max Mhz: 1800, Current Mhz: 1600, Mhz Limit: 1584
Processor Information for processor 3
  Max Mhz: 1800, Current Mhz: 1600, Mhz Limit: 1584
Processor Information for processor 4
  Max Mhz: 1800, Current Mhz: 1600, Mhz Limit: 1584
Processor Information for processor 5
  Max Mhz: 1800, Current Mhz: 1600, Mhz Limit: 1584
Processor Information for processor 6
  Max Mhz: 1800, Current Mhz: 1600, Mhz Limit: 1584
Processor Information for processor 7
  Max Mhz: 1800, Current Mhz: 1500, Mhz Limit: 1584

Memory: 4k page, system-wide physical 16190M (519M free)
TotalPageFile size 39739M (AvailPageFile size 5M)
current process WorkingSet (physical memory assigned to process): 12M, peak: 12M
current process commit charge ("private bytes"): 315M, peak: 319M

vm_info: OpenJDK 64-Bit Server VM (17.0.14+7-adhoc..jdk17u) for windows-amd64 JRE (17.0.14+7-adhoc..jdk17u), built on Jan 22 2025 11:06:43 by "" with MS VC++ 16.10 / 16.11 (VS2019)

END.
