#
# There is insufficient memory for the Java Runtime Environment to continue.
# Native memory allocation (malloc) failed to allocate 1254416 bytes. Error detail: Chunk::new
# Possible reasons:
#   The system is out of physical RAM or swap space
#   This process is running with CompressedOops enabled, and the Java Heap may be blocking the growth of the native heap
# Possible solutions:
#   Reduce memory load on the system
#   Increase physical memory or swap space
#   Check if swap backing store is full
#   Decrease Java heap size (-Xmx/-Xms)
#   Decrease number of Java threads
#   Decrease Java thread stack sizes (-Xss)
#   Set larger code cache with -XX:ReservedCodeCacheSize=
#   JVM is running with Unscaled Compressed Oops mode in which the Java heap is
#     placed in the first 4GB address space. The Java Heap base address is the
#     maximum limit for the native heap growth. Please use -XX:HeapBaseMinAddress
#     to set the Java Heap base and to place the Java Heap above 4GB virtual address.
# This output file may be truncated or incomplete.
#
#  Out of Memory Error (arena.cpp:191), pid=24592, tid=12412
#
# JRE version: OpenJDK Runtime Environment OpenLogic-OpenJDK (17.0.14+7) (build 17.0.14+7-adhoc..jdk17u)
# Java VM: OpenJDK 64-Bit Server VM OpenLogic-OpenJDK (17.0.14+7-adhoc..jdk17u, mixed mode, sharing, tiered, compressed oops, compressed class ptrs, g1 gc, windows-amd64)
# No core dump will be written. Minidumps are not enabled by default on client versions of Windows
#

---------------  S U M M A R Y ------------

Command Line: --add-opens=java.base/java.lang=ALL-UNNAMED --add-opens=java.base/java.lang.invoke=ALL-UNNAMED --add-opens=java.base/java.util=ALL-UNNAMED --add-opens=java.prefs/java.util.prefs=ALL-UNNAMED --add-exports=jdk.compiler/com.sun.tools.javac.api=ALL-UNNAMED --add-exports=jdk.compiler/com.sun.tools.javac.util=ALL-UNNAMED --add-opens=java.base/java.util=ALL-UNNAMED --add-opens=java.prefs/java.util.prefs=ALL-UNNAMED --add-opens=java.base/java.nio.charset=ALL-UNNAMED --add-opens=java.base/java.net=ALL-UNNAMED --add-opens=java.base/java.util.concurrent.atomic=ALL-UNNAMED --add-opens=java.xml/javax.xml.namespace=ALL-UNNAMED -Xmx2048m -Dfile.encoding=UTF-8 -Duser.country=US -Duser.language=en -Duser.variant -javaagent:C:\Users\hamza\.gradle\wrapper\dists\gradle-8.11.1-bin\bpt9gzteqjrbo1mjrsomdt32c\gradle-8.11.1\lib\agents\gradle-instrumentation-agent-8.11.1.jar org.gradle.launcher.daemon.bootstrap.GradleDaemon 8.11.1

Host: Intel(R) Core(TM) i5-8265U CPU @ 1.60GHz, 8 cores, 15G,  Windows 11 , 64 bit Build 26100 (10.0.26100.7309)
Time: Sun Dec 28 02:07:52 2025 Pakistan Standard Time elapsed time: 72.647782 seconds (0d 0h 1m 12s)

---------------  T H R E A D  ---------------

Current thread (0x000001c5dd10ab00):  JavaThread "C2 CompilerThread1" daemon [_thread_in_native, id=12412, stack(0x00000024eff00000,0x00000024f0000000)]


Current CompileTask:
C2:  72647 10721       4       org.gradle.internal.instantiation.generator.AbstractClassGenerator::inspectType (560 bytes)

Stack: [0x00000024eff00000,0x00000024f0000000]
Native frames: (J=compiled Java code, j=interpreted, Vv=VM code, C=native code)
V  [jvm.dll+0x681069]
V  [jvm.dll+0x838cca]
V  [jvm.dll+0x83a78e]
V  [jvm.dll+0x83adf3]
V  [jvm.dll+0x24826f]
V  [jvm.dll+0xac9f4]
V  [jvm.dll+0xad03c]
V  [jvm.dll+0x2af8ef]
V  [jvm.dll+0x5874f7]
V  [jvm.dll+0x2230d2]
V  [jvm.dll+0x21c27f]
V  [jvm.dll+0x219ae1]
V  [jvm.dll+0x1a599d]
V  [jvm.dll+0x22994d]
V  [jvm.dll+0x227adc]
V  [jvm.dll+0x7edb77]
V  [jvm.dll+0x7e7f6c]
V  [jvm.dll+0x67ff37]
C  [ucrtbase.dll+0x37b0]
C  [KERNEL32.DLL+0x2e8d7]
C  [ntdll.dll+0x8c53c]


---------------  P R O C E S S  ---------------

Threads class SMR info:
_java_thread_list=0x000001c5e6e29e60, length=64, elements={
0x000001c5fb9ce350, 0x000001c5ff0b5fb0, 0x000001c5ff0b6980, 0x000001c5ff0cb410,
0x000001c5ff0cbce0, 0x000001c5ff0cc5b0, 0x000001c5ff0cce80, 0x000001c5ff0cda80,
0x000001c5ff0f0b40, 0x000001c5ff102eb0, 0x000001c5ff0a2a80, 0x000001c5dd2a7e60,
0x000001c5e2d38a40, 0x000001c5e34ce590, 0x000001c5e35dcae0, 0x000001c5e2340f20,
0x000001c5e3095400, 0x000001c5e2db7d10, 0x000001c5e2db8220, 0x000001c5e2db8730,
0x000001c5e2db5490, 0x000001c5e2db7800, 0x000001c5e2db5eb0, 0x000001c5e2db63c0,
0x000001c5e2db59a0, 0x000001c5e2db72f0, 0x000001c5e2db6de0, 0x000001c5e2db4f80,
0x000001c5e2db68d0, 0x000001c5e339b2b0, 0x000001c5e3399960, 0x000001c5e339b7c0,
0x000001c5e339ada0, 0x000001c5e339bcd0, 0x000001c5e339c1e0, 0x000001c5e3399450,
0x000001c5e3399e70, 0x000001c5e3e1f460, 0x000001c5e3e1f970, 0x000001c5e3e1fe80,
0x000001c5e3e21ce0, 0x000001c5e3e1ef50, 0x000001c5e3e1ea40, 0x000001c5e3e22c10,
0x000001c5e3e208a0, 0x000001c5e3e23b40, 0x000001c5e3e20db0, 0x000001c5e3e221f0,
0x000001c5e3e20390, 0x000001c5e3e24560, 0x000001c5e3e22700, 0x000001c5e3e23120,
0x000001c5e3e217d0, 0x000001c5e3e23630, 0x000001c5e3e24050, 0x000001c5e3e24a70,
0x000001c5e3e212c0, 0x000001c5e3e24f80, 0x000001c5e3e259a0, 0x000001c5e3e25eb0,
0x000001c5e66d9610, 0x000001c5e66da540, 0x000001c5e66d8bf0, 0x000001c5dd10ab00
}

Java Threads: ( => current thread )
  0x000001c5fb9ce350 JavaThread "main" [_thread_blocked, id=21804, stack(0x00000024f0200000,0x00000024f0300000)]
  0x000001c5ff0b5fb0 JavaThread "Reference Handler" daemon [_thread_blocked, id=25016, stack(0x00000024f0900000,0x00000024f0a00000)]
  0x000001c5ff0b6980 JavaThread "Finalizer" daemon [_thread_blocked, id=16820, stack(0x00000024f0a00000,0x00000024f0b00000)]
  0x000001c5ff0cb410 JavaThread "Signal Dispatcher" daemon [_thread_blocked, id=14408, stack(0x00000024f0b00000,0x00000024f0c00000)]
  0x000001c5ff0cbce0 JavaThread "Attach Listener" daemon [_thread_blocked, id=21224, stack(0x00000024f0c00000,0x00000024f0d00000)]
  0x000001c5ff0cc5b0 JavaThread "Service Thread" daemon [_thread_blocked, id=25608, stack(0x00000024f0d00000,0x00000024f0e00000)]
  0x000001c5ff0cce80 JavaThread "Monitor Deflation Thread" daemon [_thread_blocked, id=944, stack(0x00000024f0e00000,0x00000024f0f00000)]
  0x000001c5ff0cda80 JavaThread "C2 CompilerThread0" daemon [_thread_blocked, id=20928, stack(0x00000024f0f00000,0x00000024f1000000)]
  0x000001c5ff0f0b40 JavaThread "C1 CompilerThread0" daemon [_thread_blocked, id=2684, stack(0x00000024f1000000,0x00000024f1100000)]
  0x000001c5ff102eb0 JavaThread "Sweeper thread" daemon [_thread_blocked, id=9480, stack(0x00000024f1100000,0x00000024f1200000)]
  0x000001c5ff0a2a80 JavaThread "Common-Cleaner" daemon [_thread_blocked, id=10676, stack(0x00000024f1200000,0x00000024f1300000)]
  0x000001c5dd2a7e60 JavaThread "Notification Thread" daemon [_thread_blocked, id=20424, stack(0x00000024f1400000,0x00000024f1500000)]
  0x000001c5e2d38a40 JavaThread "Daemon health stats" [_thread_blocked, id=22404, stack(0x00000024f1b00000,0x00000024f1c00000)]
  0x000001c5e34ce590 JavaThread "Incoming local TCP Connector on port 52444" [_thread_in_native, id=10780, stack(0x00000024f1a00000,0x00000024f1b00000)]
  0x000001c5e35dcae0 JavaThread "Daemon periodic checks" [_thread_blocked, id=21544, stack(0x00000024f1c00000,0x00000024f1d00000)]
  0x000001c5e2340f20 JavaThread "Daemon" [_thread_blocked, id=18624, stack(0x00000024f1d00000,0x00000024f1e00000)]
  0x000001c5e3095400 JavaThread "Handler for socket connection from /127.0.0.1:52444 to /127.0.0.1:52445" [_thread_in_native, id=15112, stack(0x00000024f1e00000,0x00000024f1f00000)]
  0x000001c5e2db7d10 JavaThread "Cancel handler" [_thread_blocked, id=17176, stack(0x00000024f1f00000,0x00000024f2000000)]
  0x000001c5e2db8220 JavaThread "Daemon worker" [_thread_in_vm, id=11520, stack(0x00000024f2000000,0x00000024f2100000)]
  0x000001c5e2db8730 JavaThread "Asynchronous log dispatcher for DefaultDaemonConnection: socket connection from /127.0.0.1:52444 to /127.0.0.1:52445" [_thread_blocked, id=12712, stack(0x00000024f2100000,0x00000024f2200000)]
  0x000001c5e2db5490 JavaThread "Stdin handler" [_thread_blocked, id=7392, stack(0x00000024f2200000,0x00000024f2300000)]
  0x000001c5e2db7800 JavaThread "Daemon client event forwarder" [_thread_blocked, id=8756, stack(0x00000024f2300000,0x00000024f2400000)]
  0x000001c5e2db5eb0 JavaThread "Cache worker for journal cache (C:\Users\hamza\.gradle\caches\journal-1)" [_thread_blocked, id=23488, stack(0x00000024f2400000,0x00000024f2500000)]
  0x000001c5e2db63c0 JavaThread "File lock request listener" [_thread_in_native, id=15128, stack(0x00000024f2500000,0x00000024f2600000)]
  0x000001c5e2db59a0 JavaThread "Cache worker for file hash cache (C:\Users\hamza\.gradle\caches\8.11.1\fileHashes)" [_thread_blocked, id=7616, stack(0x00000024f2600000,0x00000024f2700000)]
  0x000001c5e2db72f0 JavaThread "Cache worker for file content cache (C:\Users\hamza\.gradle\caches\8.11.1\fileContent)" [_thread_blocked, id=13632, stack(0x00000024f2800000,0x00000024f2900000)]
  0x000001c5e2db6de0 JavaThread "File lock release action executor" [_thread_blocked, id=17340, stack(0x00000024f2900000,0x00000024f2a00000)]
  0x000001c5e2db4f80 JavaThread "Cache worker for file hash cache (C:\Users\hamza\Documents\GitHub\Truckingapp\.gradle\8.11.1\fileHashes)" [_thread_blocked, id=22184, stack(0x00000024f2a00000,0x00000024f2b00000)]
  0x000001c5e2db68d0 JavaThread "Cache worker for Build Output Cleanup Cache (C:\Users\hamza\Documents\GitHub\Truckingapp\.gradle\buildOutputCleanup)" [_thread_blocked, id=11056, stack(0x00000024f2b00000,0x00000024f2c00000)]
  0x000001c5e339b2b0 JavaThread "File watcher server" daemon [_thread_in_native, id=21500, stack(0x00000024f2e00000,0x00000024f2f00000)]
  0x000001c5e3399960 JavaThread "File watcher consumer" daemon [_thread_blocked, id=24340, stack(0x00000024f2f00000,0x00000024f3000000)]
  0x000001c5e339b7c0 JavaThread "Cache worker for checksums cache (C:\Users\hamza\Documents\GitHub\Truckingapp\.gradle\8.11.1\checksums)" [_thread_blocked, id=21800, stack(0x00000024f3000000,0x00000024f3100000)]
  0x000001c5e339ada0 JavaThread "Cache worker for cache directory md-rule (C:\Users\hamza\.gradle\caches\8.11.1\md-rule)" [_thread_blocked, id=21640, stack(0x00000024f3100000,0x00000024f3200000)]
  0x000001c5e339bcd0 JavaThread "Cache worker for cache directory md-supplier (C:\Users\hamza\.gradle\caches\8.11.1\md-supplier)" [_thread_blocked, id=25188, stack(0x00000024f3200000,0x00000024f3300000)]
  0x000001c5e339c1e0 JavaThread "jar transforms" [_thread_blocked, id=8552, stack(0x00000024f3400000,0x00000024f3500000)]
  0x000001c5e3399450 JavaThread "jar transforms Thread 2" [_thread_blocked, id=19540, stack(0x00000024f3500000,0x00000024f3600000)]
  0x000001c5e3399e70 JavaThread "jar transforms Thread 3" [_thread_blocked, id=8836, stack(0x00000024f3300000,0x00000024f3400000)]
  0x000001c5e3e1f460 JavaThread "Unconstrained build operations" [_thread_blocked, id=8584, stack(0x00000024f3600000,0x00000024f3700000)]
  0x000001c5e3e1f970 JavaThread "Unconstrained build operations Thread 2" [_thread_blocked, id=20792, stack(0x00000024f3700000,0x00000024f3800000)]
  0x000001c5e3e1fe80 JavaThread "Unconstrained build operations Thread 3" [_thread_blocked, id=6064, stack(0x00000024f3800000,0x00000024f3900000)]
  0x000001c5e3e21ce0 JavaThread "Unconstrained build operations Thread 4" [_thread_blocked, id=23052, stack(0x00000024f3900000,0x00000024f3a00000)]
  0x000001c5e3e1ef50 JavaThread "Unconstrained build operations Thread 5" [_thread_blocked, id=1476, stack(0x00000024f3a00000,0x00000024f3b00000)]
  0x000001c5e3e1ea40 JavaThread "Unconstrained build operations Thread 6" [_thread_blocked, id=2968, stack(0x00000024f3b00000,0x00000024f3c00000)]
  0x000001c5e3e22c10 JavaThread "Unconstrained build operations Thread 7" [_thread_blocked, id=25764, stack(0x00000024f3c00000,0x00000024f3d00000)]
  0x000001c5e3e208a0 JavaThread "Unconstrained build operations Thread 8" [_thread_blocked, id=26140, stack(0x00000024f3e00000,0x00000024f3f00000)]
  0x000001c5e3e23b40 JavaThread "Unconstrained build operations Thread 9" [_thread_blocked, id=4704, stack(0x00000024f3f00000,0x00000024f4000000)]
  0x000001c5e3e20db0 JavaThread "Unconstrained build operations Thread 10" [_thread_blocked, id=25912, stack(0x00000024f4000000,0x00000024f4100000)]
  0x000001c5e3e221f0 JavaThread "Unconstrained build operations Thread 11" [_thread_blocked, id=26136, stack(0x00000024f4100000,0x00000024f4200000)]
  0x000001c5e3e20390 JavaThread "Unconstrained build operations Thread 12" [_thread_blocked, id=756, stack(0x00000024f4200000,0x00000024f4300000)]
  0x000001c5e3e24560 JavaThread "Unconstrained build operations Thread 13" [_thread_blocked, id=9500, stack(0x00000024f4300000,0x00000024f4400000)]
  0x000001c5e3e22700 JavaThread "Unconstrained build operations Thread 14" [_thread_blocked, id=4348, stack(0x00000024f4400000,0x00000024f4500000)]
  0x000001c5e3e23120 JavaThread "Unconstrained build operations Thread 15" [_thread_blocked, id=26220, stack(0x00000024f4700000,0x00000024f4800000)]
  0x000001c5e3e217d0 JavaThread "Unconstrained build operations Thread 16" [_thread_blocked, id=4684, stack(0x00000024f4800000,0x00000024f4900000)]
  0x000001c5e3e23630 JavaThread "Unconstrained build operations Thread 17" [_thread_blocked, id=9568, stack(0x00000024f4900000,0x00000024f4a00000)]
  0x000001c5e3e24050 JavaThread "Unconstrained build operations Thread 18" [_thread_blocked, id=8320, stack(0x00000024f4a00000,0x00000024f4b00000)]
  0x000001c5e3e24a70 JavaThread "Unconstrained build operations Thread 19" [_thread_blocked, id=23068, stack(0x00000024f4b00000,0x00000024f4c00000)]
  0x000001c5e3e212c0 JavaThread "Unconstrained build operations Thread 20" [_thread_blocked, id=7608, stack(0x00000024f4c00000,0x00000024f4d00000)]
  0x000001c5e3e24f80 JavaThread "Unconstrained build operations Thread 21" [_thread_blocked, id=16932, stack(0x00000024f4d00000,0x00000024f4e00000)]
  0x000001c5e3e259a0 JavaThread "jar transforms Thread 4" [_thread_blocked, id=7592, stack(0x00000024f4600000,0x00000024f4700000)]
  0x000001c5e3e25eb0 JavaThread "jar transforms Thread 5" [_thread_blocked, id=22468, stack(0x00000024f4e00000,0x00000024f4f00000)]
  0x000001c5e66d9610 JavaThread "Memory manager" [_thread_blocked, id=25032, stack(0x00000024f4f00000,0x00000024f5000000)]
  0x000001c5e66da540 JavaThread "Problems report writer" [_thread_blocked, id=16784, stack(0x00000024f5000000,0x00000024f5100000)]
  0x000001c5e66d8bf0 JavaThread "jar transforms Thread 6" [_thread_blocked, id=15268, stack(0x00000024f5200000,0x00000024f5300000)]
=>0x000001c5dd10ab00 JavaThread "C2 CompilerThread1" daemon [_thread_in_native, id=12412, stack(0x00000024eff00000,0x00000024f0000000)]

Other Threads:
  0x000001c5ff0affb0 VMThread "VM Thread" [stack: 0x00000024f0800000,0x00000024f0900000] [id=18768]
  0x000001c5fb9cf0e0 WatcherThread [stack: 0x00000024f1500000,0x00000024f1600000] [id=7816]
  0x000001c5fba2c060 GCTaskThread "GC Thread#0" [stack: 0x00000024f0300000,0x00000024f0400000] [id=2588]
  0x000001c5dd59ce50 GCTaskThread "GC Thread#1" [stack: 0x00000024f1300000,0x00000024f1400000] [id=11048]
  0x000001c5dd8ed580 GCTaskThread "GC Thread#2" [stack: 0x00000024f1600000,0x00000024f1700000] [id=21128]
  0x000001c5dd7dce30 GCTaskThread "GC Thread#3" [stack: 0x00000024f1700000,0x00000024f1800000] [id=17884]
  0x000001c5dd7dd900 GCTaskThread "GC Thread#4" [stack: 0x00000024f1800000,0x00000024f1900000] [id=556]
  0x000001c5dd7ddbc0 GCTaskThread "GC Thread#5" [stack: 0x00000024f1900000,0x00000024f1a00000] [id=18280]
  0x000001c5e3a9ca00 GCTaskThread "GC Thread#6" [stack: 0x00000024f2700000,0x00000024f2800000] [id=20996]
  0x000001c5e3a9d500 GCTaskThread "GC Thread#7" [stack: 0x00000024f2c00000,0x00000024f2d00000] [id=25820]
  0x000001c5fba3db90 ConcurrentGCThread "G1 Main Marker" [stack: 0x00000024f0400000,0x00000024f0500000] [id=5836]
  0x000001c5fba3ec60 ConcurrentGCThread "G1 Conc#0" [stack: 0x00000024f0500000,0x00000024f0600000] [id=24804]
  0x000001c5e3a9dd40 ConcurrentGCThread "G1 Conc#1" [stack: 0x00000024f2d00000,0x00000024f2e00000] [id=22256]
  0x000001c5fba7d530 ConcurrentGCThread "G1 Refine#0" [stack: 0x00000024f0600000,0x00000024f0700000] [id=13592]
  0x000001c5fefe44f0 ConcurrentGCThread "G1 Service" [stack: 0x00000024f0700000,0x00000024f0800000] [id=2328]

Threads with active compile tasks:
C2 CompilerThread0    72724 10734       4       sun.instrument.InstrumentationImpl::transform (73 bytes)
C2 CompilerThread1    72724 10721       4       org.gradle.internal.instantiation.generator.AbstractClassGenerator::inspectType (560 bytes)

VM state: not at safepoint (normal execution)

VM Mutex/Monitor currently owned by a thread: None

Heap address: 0x0000000080000000, size: 2048 MB, Compressed Oops mode: 32-bit

CDS archive(s) mapped at: [0x000001c59c000000-0x000001c59cbc0000-0x000001c59cbc0000), size 12320768, SharedBaseAddress: 0x000001c59c000000, ArchiveRelocationMode: 1.
Compressed class space mapped at: 0x000001c59d000000-0x000001c5dd000000, reserved size: 1073741824
Narrow klass base: 0x000001c59c000000, Narrow klass shift: 0, Narrow klass range: 0x100000000

GC Precious Log:
 CPUs: 8 total, 8 available
 Memory: 16190M
 Large Page Support: Disabled
 NUMA Support: Disabled
 Compressed Oops: Enabled (32-bit)
 Heap Region Size: 1M
 Heap Min Capacity: 8M
 Heap Initial Capacity: 254M
 Heap Max Capacity: 2G
 Pre-touch: Disabled
 Parallel Workers: 8
 Concurrent Workers: 2
 Concurrent Refinement Workers: 8
 Periodic GC: Disabled

Heap:
 garbage-first heap   total 181248K, used 120872K [0x0000000080000000, 0x0000000100000000)
  region size 1024K, 16 young (16384K), 1 survivors (1024K)
 Metaspace       used 81681K, committed 82368K, reserved 1179648K
  class space    used 11208K, committed 11520K, reserved 1048576K

Heap Regions: E=young(eden), S=young(survivor), O=old, HS=humongous(starts), HC=humongous(continues), CS=collection set, F=free, OA=open archive, CA=closed archive, TAMS=top-at-mark-start (previous, next)
|   0|0x0000000080000000, 0x0000000080100000, 0x0000000080100000|100%| O|  |TAMS 0x0000000080100000, 0x0000000080000000| Untracked 
|   1|0x0000000080100000, 0x0000000080200000, 0x0000000080200000|100%|HS|  |TAMS 0x0000000080200000, 0x0000000080100000| Complete 
|   2|0x0000000080200000, 0x0000000080300000, 0x0000000080300000|100%|HC|  |TAMS 0x0000000080300000, 0x0000000080200000| Complete 
|   3|0x0000000080300000, 0x0000000080400000, 0x0000000080400000|100%|HC|  |TAMS 0x0000000080400000, 0x0000000080300000| Complete 
|   4|0x0000000080400000, 0x0000000080500000, 0x0000000080500000|100%| O|  |TAMS 0x0000000080500000, 0x0000000080400000| Untracked 
|   5|0x0000000080500000, 0x0000000080600000, 0x0000000080600000|100%| O|  |TAMS 0x0000000080600000, 0x0000000080500000| Untracked 
|   6|0x0000000080600000, 0x0000000080700000, 0x0000000080700000|100%| O|  |TAMS 0x0000000080700000, 0x0000000080600000| Untracked 
|   7|0x0000000080700000, 0x0000000080800000, 0x0000000080800000|100%|HS|  |TAMS 0x0000000080800000, 0x0000000080700000| Complete 
|   8|0x0000000080800000, 0x0000000080900000, 0x0000000080900000|100%| O|  |TAMS 0x0000000080900000, 0x0000000080800000| Untracked 
|   9|0x0000000080900000, 0x0000000080a00000, 0x0000000080a00000|100%| O|  |TAMS 0x0000000080a00000, 0x0000000080900000| Untracked 
|  10|0x0000000080a00000, 0x0000000080b00000, 0x0000000080b00000|100%| O|  |TAMS 0x0000000080b00000, 0x0000000080a00000| Untracked 
|  11|0x0000000080b00000, 0x0000000080c00000, 0x0000000080c00000|100%| O|  |TAMS 0x0000000080c00000, 0x0000000080b00000| Untracked 
|  12|0x0000000080c00000, 0x0000000080cfd400, 0x0000000080d00000| 98%| O|  |TAMS 0x0000000080cfd400, 0x0000000080c00000| Untracked 
|  13|0x0000000080d00000, 0x0000000080e00000, 0x0000000080e00000|100%| O|  |TAMS 0x0000000080e00000, 0x0000000080d00000| Untracked 
|  14|0x0000000080e00000, 0x0000000080f00000, 0x0000000080f00000|100%| O|  |TAMS 0x0000000080f00000, 0x0000000080e00000| Untracked 
|  15|0x0000000080f00000, 0x0000000081000000, 0x0000000081000000|100%| O|  |TAMS 0x0000000081000000, 0x0000000080f00000| Untracked 
|  16|0x0000000081000000, 0x0000000081100000, 0x0000000081100000|100%| O|  |TAMS 0x0000000081100000, 0x0000000081000000| Untracked 
|  17|0x0000000081100000, 0x0000000081200000, 0x0000000081200000|100%| O|  |TAMS 0x0000000081200000, 0x0000000081100000| Untracked 
|  18|0x0000000081200000, 0x0000000081300000, 0x0000000081300000|100%| O|  |TAMS 0x0000000081300000, 0x0000000081200000| Untracked 
|  19|0x0000000081300000, 0x0000000081400000, 0x0000000081400000|100%| O|  |TAMS 0x0000000081400000, 0x0000000081300000| Untracked 
|  20|0x0000000081400000, 0x0000000081500000, 0x0000000081500000|100%| O|  |TAMS 0x0000000081500000, 0x0000000081400000| Untracked 
|  21|0x0000000081500000, 0x0000000081600000, 0x0000000081600000|100%| O|  |TAMS 0x0000000081600000, 0x0000000081500000| Untracked 
|  22|0x0000000081600000, 0x0000000081700000, 0x0000000081700000|100%| O|  |TAMS 0x0000000081700000, 0x0000000081600000| Untracked 
|  23|0x0000000081700000, 0x0000000081800000, 0x0000000081800000|100%| O|  |TAMS 0x0000000081800000, 0x0000000081700000| Untracked 
|  24|0x0000000081800000, 0x0000000081900000, 0x0000000081900000|100%| O|  |TAMS 0x0000000081900000, 0x0000000081800000| Untracked 
|  25|0x0000000081900000, 0x0000000081a00000, 0x0000000081a00000|100%| O|  |TAMS 0x0000000081a00000, 0x0000000081900000| Untracked 
|  26|0x0000000081a00000, 0x0000000081b00000, 0x0000000081b00000|100%| O|  |TAMS 0x0000000081b00000, 0x0000000081a00000| Untracked 
|  27|0x0000000081b00000, 0x0000000081c00000, 0x0000000081c00000|100%| O|  |TAMS 0x0000000081c00000, 0x0000000081b00000| Untracked 
|  28|0x0000000081c00000, 0x0000000081d00000, 0x0000000081d00000|100%| O|  |TAMS 0x0000000081d00000, 0x0000000081c00000| Untracked 
|  29|0x0000000081d00000, 0x0000000081e00000, 0x0000000081e00000|100%| O|  |TAMS 0x0000000081e00000, 0x0000000081d00000| Untracked 
|  30|0x0000000081e00000, 0x0000000081f00000, 0x0000000081f00000|100%| O|  |TAMS 0x0000000081f00000, 0x0000000081e00000| Untracked 
|  31|0x0000000081f00000, 0x0000000082000000, 0x0000000082000000|100%| O|  |TAMS 0x0000000082000000, 0x0000000081f00000| Untracked 
|  32|0x0000000082000000, 0x0000000082100000, 0x0000000082100000|100%| O|  |TAMS 0x0000000082100000, 0x0000000082000000| Untracked 
|  33|0x0000000082100000, 0x0000000082200000, 0x0000000082200000|100%| O|  |TAMS 0x0000000082200000, 0x0000000082100000| Untracked 
|  34|0x0000000082200000, 0x0000000082300000, 0x0000000082300000|100%| O|  |TAMS 0x0000000082300000, 0x0000000082200000| Untracked 
|  35|0x0000000082300000, 0x0000000082400000, 0x0000000082400000|100%| O|  |TAMS 0x0000000082400000, 0x0000000082300000| Untracked 
|  36|0x0000000082400000, 0x0000000082500000, 0x0000000082500000|100%| O|  |TAMS 0x0000000082500000, 0x0000000082400000| Untracked 
|  37|0x0000000082500000, 0x0000000082600000, 0x0000000082600000|100%| O|  |TAMS 0x0000000082600000, 0x0000000082500000| Untracked 
|  38|0x0000000082600000, 0x0000000082700000, 0x0000000082700000|100%| O|  |TAMS 0x0000000082700000, 0x0000000082600000| Untracked 
|  39|0x0000000082700000, 0x0000000082800000, 0x0000000082800000|100%| O|  |TAMS 0x0000000082800000, 0x0000000082700000| Untracked 
|  40|0x0000000082800000, 0x0000000082900000, 0x0000000082900000|100%| O|  |TAMS 0x0000000082900000, 0x0000000082800000| Untracked 
|  41|0x0000000082900000, 0x0000000082a00000, 0x0000000082a00000|100%| O|  |TAMS 0x0000000082a00000, 0x0000000082900000| Untracked 
|  42|0x0000000082a00000, 0x0000000082b00000, 0x0000000082b00000|100%|HS|  |TAMS 0x0000000082b00000, 0x0000000082a00000| Complete 
|  43|0x0000000082b00000, 0x0000000082c00000, 0x0000000082c00000|100%| O|  |TAMS 0x0000000082c00000, 0x0000000082b00000| Untracked 
|  44|0x0000000082c00000, 0x0000000082d00000, 0x0000000082d00000|100%|HS|  |TAMS 0x0000000082d00000, 0x0000000082c00000| Complete 
|  45|0x0000000082d00000, 0x0000000082e00000, 0x0000000082e00000|100%|HC|  |TAMS 0x0000000082e00000, 0x0000000082d00000| Complete 
|  46|0x0000000082e00000, 0x0000000082f00000, 0x0000000082f00000|100%| O|  |TAMS 0x0000000082f00000, 0x0000000082e00000| Untracked 
|  47|0x0000000082f00000, 0x0000000082f00000, 0x0000000083000000|  0%| F|  |TAMS 0x0000000082f00000, 0x0000000082f00000| Untracked 
|  48|0x0000000083000000, 0x0000000083000000, 0x0000000083100000|  0%| F|  |TAMS 0x0000000083000000, 0x0000000083000000| Untracked 
|  49|0x0000000083100000, 0x0000000083200000, 0x0000000083200000|100%| O|  |TAMS 0x0000000083200000, 0x0000000083100000| Untracked 
|  50|0x0000000083200000, 0x0000000083300000, 0x0000000083300000|100%| O|  |TAMS 0x0000000083300000, 0x0000000083200000| Untracked 
|  51|0x0000000083300000, 0x0000000083400000, 0x0000000083400000|100%| O|  |TAMS 0x0000000083400000, 0x0000000083300000| Untracked 
|  52|0x0000000083400000, 0x0000000083400000, 0x0000000083500000|  0%| F|  |TAMS 0x0000000083400000, 0x0000000083400000| Untracked 
|  53|0x0000000083500000, 0x0000000083600000, 0x0000000083600000|100%|HS|  |TAMS 0x0000000083600000, 0x0000000083500000| Complete 
|  54|0x0000000083600000, 0x0000000083700000, 0x0000000083700000|100%|HS|  |TAMS 0x0000000083700000, 0x0000000083600000| Complete 
|  55|0x0000000083700000, 0x0000000083800000, 0x0000000083800000|100%|HC|  |TAMS 0x0000000083800000, 0x0000000083700000| Complete 
|  56|0x0000000083800000, 0x0000000083900000, 0x0000000083900000|100%|HS|  |TAMS 0x0000000083900000, 0x0000000083800000| Complete 
|  57|0x0000000083900000, 0x0000000083a00000, 0x0000000083a00000|100%|HS|  |TAMS 0x0000000083a00000, 0x0000000083900000| Complete 
|  58|0x0000000083a00000, 0x0000000083b00000, 0x0000000083b00000|100%|HC|  |TAMS 0x0000000083b00000, 0x0000000083a00000| Complete 
|  59|0x0000000083b00000, 0x0000000083c00000, 0x0000000083c00000|100%|HC|  |TAMS 0x0000000083c00000, 0x0000000083b00000| Complete 
|  60|0x0000000083c00000, 0x0000000083d00000, 0x0000000083d00000|100%|HC|  |TAMS 0x0000000083d00000, 0x0000000083c00000| Complete 
|  61|0x0000000083d00000, 0x0000000083e00000, 0x0000000083e00000|100%|HS|  |TAMS 0x0000000083e00000, 0x0000000083d00000| Complete 
|  62|0x0000000083e00000, 0x0000000083f00000, 0x0000000083f00000|100%| O|  |TAMS 0x0000000083f00000, 0x0000000083e00000| Untracked 
|  63|0x0000000083f00000, 0x0000000084000000, 0x0000000084000000|100%|HS|  |TAMS 0x0000000084000000, 0x0000000083f00000| Complete 
|  64|0x0000000084000000, 0x0000000084100000, 0x0000000084100000|100%| O|  |TAMS 0x0000000084100000, 0x0000000084000000| Untracked 
|  65|0x0000000084100000, 0x0000000084200000, 0x0000000084200000|100%| O|  |TAMS 0x0000000084200000, 0x0000000084100000| Untracked 
|  66|0x0000000084200000, 0x0000000084300000, 0x0000000084300000|100%| O|  |TAMS 0x0000000084300000, 0x0000000084200000| Untracked 
|  67|0x0000000084300000, 0x0000000084400000, 0x0000000084400000|100%|HS|  |TAMS 0x0000000084400000, 0x0000000084300000| Complete 
|  68|0x0000000084400000, 0x0000000084500000, 0x0000000084500000|100%| O|  |TAMS 0x0000000084500000, 0x0000000084400000| Untracked 
|  69|0x0000000084500000, 0x0000000084600000, 0x0000000084600000|100%| O|  |TAMS 0x0000000084600000, 0x0000000084500000| Untracked 
|  70|0x0000000084600000, 0x0000000084700000, 0x0000000084700000|100%| O|  |TAMS 0x0000000084700000, 0x0000000084600000| Untracked 
|  71|0x0000000084700000, 0x0000000084800000, 0x0000000084800000|100%| O|  |TAMS 0x0000000084800000, 0x0000000084700000| Untracked 
|  72|0x0000000084800000, 0x0000000084900000, 0x0000000084900000|100%| O|  |TAMS 0x0000000084900000, 0x0000000084800000| Untracked 
|  73|0x0000000084900000, 0x0000000084a00000, 0x0000000084a00000|100%| O|  |TAMS 0x0000000084a00000, 0x0000000084900000| Untracked 
|  74|0x0000000084a00000, 0x0000000084b00000, 0x0000000084b00000|100%| O|  |TAMS 0x0000000084b00000, 0x0000000084a00000| Untracked 
|  75|0x0000000084b00000, 0x0000000084c00000, 0x0000000084c00000|100%| O|  |TAMS 0x0000000084c00000, 0x0000000084b00000| Untracked 
|  76|0x0000000084c00000, 0x0000000084d00000, 0x0000000084d00000|100%| O|  |TAMS 0x0000000084d00000, 0x0000000084c00000| Untracked 
|  77|0x0000000084d00000, 0x0000000084e00000, 0x0000000084e00000|100%| O|  |TAMS 0x0000000084e00000, 0x0000000084d00000| Untracked 
|  78|0x0000000084e00000, 0x0000000084f00000, 0x0000000084f00000|100%| O|  |TAMS 0x0000000084f00000, 0x0000000084e00000| Untracked 
|  79|0x0000000084f00000, 0x0000000085000000, 0x0000000085000000|100%| O|  |TAMS 0x0000000085000000, 0x0000000084f00000| Untracked 
|  80|0x0000000085000000, 0x0000000085100000, 0x0000000085100000|100%|HS|  |TAMS 0x0000000085100000, 0x0000000085000000| Complete 
|  81|0x0000000085100000, 0x0000000085200000, 0x0000000085200000|100%|HS|  |TAMS 0x0000000085200000, 0x0000000085100000| Complete 
|  82|0x0000000085200000, 0x0000000085300000, 0x0000000085300000|100%|HC|  |TAMS 0x0000000085300000, 0x0000000085200000| Complete 
|  83|0x0000000085300000, 0x0000000085400000, 0x0000000085400000|100%|HC|  |TAMS 0x0000000085400000, 0x0000000085300000| Complete 
|  84|0x0000000085400000, 0x0000000085500000, 0x0000000085500000|100%|HC|  |TAMS 0x0000000085500000, 0x0000000085400000| Complete 
|  85|0x0000000085500000, 0x0000000085600000, 0x0000000085600000|100%| O|  |TAMS 0x0000000085600000, 0x0000000085500000| Untracked 
|  86|0x0000000085600000, 0x0000000085700000, 0x0000000085700000|100%| O|  |TAMS 0x0000000085700000, 0x0000000085600000| Untracked 
|  87|0x0000000085700000, 0x0000000085800000, 0x0000000085800000|100%| O|  |TAMS 0x0000000085800000, 0x0000000085700000| Untracked 
|  88|0x0000000085800000, 0x0000000085900000, 0x0000000085900000|100%| O|  |TAMS 0x0000000085900000, 0x0000000085800000| Untracked 
|  89|0x0000000085900000, 0x0000000085a00000, 0x0000000085a00000|100%| O|  |TAMS 0x0000000085a00000, 0x0000000085900000| Untracked 
|  90|0x0000000085a00000, 0x0000000085b00000, 0x0000000085b00000|100%| O|  |TAMS 0x0000000085b00000, 0x0000000085a00000| Untracked 
|  91|0x0000000085b00000, 0x0000000085c00000, 0x0000000085c00000|100%| O|  |TAMS 0x0000000085c00000, 0x0000000085b00000| Untracked 
|  92|0x0000000085c00000, 0x0000000085d00000, 0x0000000085d00000|100%| O|  |TAMS 0x0000000085d00000, 0x0000000085c00000| Untracked 
|  93|0x0000000085d00000, 0x0000000085e00000, 0x0000000085e00000|100%| O|  |TAMS 0x0000000085e00000, 0x0000000085d00000| Untracked 
|  94|0x0000000085e00000, 0x0000000085f00000, 0x0000000085f00000|100%| O|  |TAMS 0x0000000085f00000, 0x0000000085e00000| Untracked 
|  95|0x0000000085f00000, 0x0000000086000000, 0x0000000086000000|100%| O|  |TAMS 0x0000000086000000, 0x0000000085f00000| Untracked 
|  96|0x0000000086000000, 0x0000000086100000, 0x0000000086100000|100%| O|  |TAMS 0x000000008608cc00, 0x0000000086000000| Untracked 
|  97|0x0000000086100000, 0x0000000086200000, 0x0000000086200000|100%| O|  |TAMS 0x0000000086100000, 0x0000000086100000| Untracked 
|  98|0x0000000086200000, 0x0000000086300000, 0x0000000086300000|100%| O|  |TAMS 0x0000000086200000, 0x0000000086200000| Untracked 
|  99|0x0000000086300000, 0x0000000086400000, 0x0000000086400000|100%| O|  |TAMS 0x0000000086300000, 0x0000000086300000| Untracked 
| 100|0x0000000086400000, 0x0000000086500000, 0x0000000086500000|100%| O|  |TAMS 0x0000000086400000, 0x0000000086400000| Untracked 
| 101|0x0000000086500000, 0x0000000086600000, 0x0000000086600000|100%| O|  |TAMS 0x0000000086500000, 0x0000000086500000| Untracked 
| 102|0x0000000086600000, 0x0000000086700000, 0x0000000086700000|100%| O|  |TAMS 0x0000000086600000, 0x0000000086600000| Untracked 
| 103|0x0000000086700000, 0x0000000086800000, 0x0000000086800000|100%| O|  |TAMS 0x0000000086700000, 0x0000000086700000| Untracked 
| 104|0x0000000086800000, 0x0000000086900000, 0x0000000086900000|100%| O|  |TAMS 0x0000000086800000, 0x0000000086800000| Untracked 
| 105|0x0000000086900000, 0x0000000086a00000, 0x0000000086a00000|100%| O|  |TAMS 0x0000000086900000, 0x0000000086900000| Untracked 
| 106|0x0000000086a00000, 0x0000000086a51400, 0x0000000086b00000| 31%| O|  |TAMS 0x0000000086a00000, 0x0000000086a00000| Untracked 
| 107|0x0000000086b00000, 0x0000000086b00000, 0x0000000086c00000|  0%| F|  |TAMS 0x0000000086b00000, 0x0000000086b00000| Untracked 
| 108|0x0000000086c00000, 0x0000000086c00000, 0x0000000086d00000|  0%| F|  |TAMS 0x0000000086c00000, 0x0000000086c00000| Untracked 
| 109|0x0000000086d00000, 0x0000000086d00000, 0x0000000086e00000|  0%| F|  |TAMS 0x0000000086d00000, 0x0000000086d00000| Untracked 
| 110|0x0000000086e00000, 0x0000000086e00000, 0x0000000086f00000|  0%| F|  |TAMS 0x0000000086e00000, 0x0000000086e00000| Untracked 
| 111|0x0000000086f00000, 0x0000000086f00000, 0x0000000087000000|  0%| F|  |TAMS 0x0000000086f00000, 0x0000000086f00000| Untracked 
| 112|0x0000000087000000, 0x0000000087000000, 0x0000000087100000|  0%| F|  |TAMS 0x0000000087000000, 0x0000000087000000| Untracked 
| 113|0x0000000087100000, 0x0000000087100000, 0x0000000087200000|  0%| F|  |TAMS 0x0000000087100000, 0x0000000087100000| Untracked 
| 114|0x0000000087200000, 0x0000000087200000, 0x0000000087300000|  0%| F|  |TAMS 0x0000000087200000, 0x0000000087200000| Untracked 
| 115|0x0000000087300000, 0x0000000087300000, 0x0000000087400000|  0%| F|  |TAMS 0x0000000087300000, 0x0000000087300000| Untracked 
| 116|0x0000000087400000, 0x0000000087400000, 0x0000000087500000|  0%| F|  |TAMS 0x0000000087400000, 0x0000000087400000| Untracked 
| 117|0x0000000087500000, 0x0000000087500000, 0x0000000087600000|  0%| F|  |TAMS 0x0000000087500000, 0x0000000087500000| Untracked 
| 118|0x0000000087600000, 0x0000000087600000, 0x0000000087700000|  0%| F|  |TAMS 0x0000000087600000, 0x0000000087600000| Untracked 
| 119|0x0000000087700000, 0x0000000087700000, 0x0000000087800000|  0%| F|  |TAMS 0x0000000087700000, 0x0000000087700000| Untracked 
| 120|0x0000000087800000, 0x0000000087800000, 0x0000000087900000|  0%| F|  |TAMS 0x0000000087800000, 0x0000000087800000| Untracked 
| 121|0x0000000087900000, 0x0000000087900000, 0x0000000087a00000|  0%| F|  |TAMS 0x0000000087900000, 0x0000000087900000| Untracked 
| 122|0x0000000087a00000, 0x0000000087a00000, 0x0000000087b00000|  0%| F|  |TAMS 0x0000000087a00000, 0x0000000087a00000| Untracked 
| 123|0x0000000087b00000, 0x0000000087b00000, 0x0000000087c00000|  0%| F|  |TAMS 0x0000000087b00000, 0x0000000087b00000| Untracked 
| 124|0x0000000087c00000, 0x0000000087c00000, 0x0000000087d00000|  0%| F|  |TAMS 0x0000000087c00000, 0x0000000087c00000| Untracked 
| 125|0x0000000087d00000, 0x0000000087d00000, 0x0000000087e00000|  0%| F|  |TAMS 0x0000000087d00000, 0x0000000087d00000| Untracked 
| 126|0x0000000087e00000, 0x0000000087e00000, 0x0000000087f00000|  0%| F|  |TAMS 0x0000000087e00000, 0x0000000087e00000| Untracked 
| 127|0x0000000087f00000, 0x0000000087f00000, 0x0000000088000000|  0%| F|  |TAMS 0x0000000087f00000, 0x0000000087f00000| Untracked 
| 128|0x0000000088000000, 0x0000000088000000, 0x0000000088100000|  0%| F|  |TAMS 0x0000000088000000, 0x0000000088000000| Untracked 
| 129|0x0000000088100000, 0x0000000088100000, 0x0000000088200000|  0%| F|  |TAMS 0x0000000088100000, 0x0000000088100000| Untracked 
| 130|0x0000000088200000, 0x0000000088200000, 0x0000000088300000|  0%| F|  |TAMS 0x0000000088200000, 0x0000000088200000| Untracked 
| 131|0x0000000088300000, 0x0000000088300000, 0x0000000088400000|  0%| F|  |TAMS 0x0000000088300000, 0x0000000088300000| Untracked 
| 132|0x0000000088400000, 0x0000000088400000, 0x0000000088500000|  0%| F|  |TAMS 0x0000000088400000, 0x0000000088400000| Untracked 
| 133|0x0000000088500000, 0x0000000088500000, 0x0000000088600000|  0%| F|  |TAMS 0x0000000088500000, 0x0000000088500000| Untracked 
| 134|0x0000000088600000, 0x0000000088600000, 0x0000000088700000|  0%| F|  |TAMS 0x0000000088600000, 0x0000000088600000| Untracked 
| 135|0x0000000088700000, 0x0000000088700000, 0x0000000088800000|  0%| F|  |TAMS 0x0000000088700000, 0x0000000088700000| Untracked 
| 136|0x0000000088800000, 0x0000000088800000, 0x0000000088900000|  0%| F|  |TAMS 0x0000000088800000, 0x0000000088800000| Untracked 
| 137|0x0000000088900000, 0x0000000088900000, 0x0000000088a00000|  0%| F|  |TAMS 0x0000000088900000, 0x0000000088900000| Untracked 
| 138|0x0000000088a00000, 0x0000000088a00000, 0x0000000088b00000|  0%| F|  |TAMS 0x0000000088a00000, 0x0000000088a00000| Untracked 
| 139|0x0000000088b00000, 0x0000000088b00000, 0x0000000088c00000|  0%| F|  |TAMS 0x0000000088b00000, 0x0000000088b00000| Untracked 
| 140|0x0000000088c00000, 0x0000000088c00000, 0x0000000088d00000|  0%| F|  |TAMS 0x0000000088c00000, 0x0000000088c00000| Untracked 
| 141|0x0000000088d00000, 0x0000000088d00000, 0x0000000088e00000|  0%| F|  |TAMS 0x0000000088d00000, 0x0000000088d00000| Untracked 
| 142|0x0000000088e00000, 0x0000000088e00000, 0x0000000088f00000|  0%| F|  |TAMS 0x0000000088e00000, 0x0000000088e00000| Untracked 
| 143|0x0000000088f00000, 0x0000000088f00000, 0x0000000089000000|  0%| F|  |TAMS 0x0000000088f00000, 0x0000000088f00000| Untracked 
| 144|0x0000000089000000, 0x0000000089000000, 0x0000000089100000|  0%| F|  |TAMS 0x0000000089000000, 0x0000000089000000| Untracked 
| 145|0x0000000089100000, 0x0000000089100000, 0x0000000089200000|  0%| F|  |TAMS 0x0000000089100000, 0x0000000089100000| Untracked 
| 146|0x0000000089200000, 0x0000000089200000, 0x0000000089300000|  0%| F|  |TAMS 0x0000000089200000, 0x0000000089200000| Untracked 
| 147|0x0000000089300000, 0x0000000089300000, 0x0000000089400000|  0%| F|  |TAMS 0x0000000089300000, 0x0000000089300000| Untracked 
| 148|0x0000000089400000, 0x0000000089400000, 0x0000000089500000|  0%| F|  |TAMS 0x0000000089400000, 0x0000000089400000| Untracked 
| 149|0x0000000089500000, 0x0000000089500000, 0x0000000089600000|  0%| F|  |TAMS 0x0000000089500000, 0x0000000089500000| Untracked 
| 150|0x0000000089600000, 0x0000000089600000, 0x0000000089700000|  0%| F|  |TAMS 0x0000000089600000, 0x0000000089600000| Untracked 
| 151|0x0000000089700000, 0x0000000089700000, 0x0000000089800000|  0%| F|  |TAMS 0x0000000089700000, 0x0000000089700000| Untracked 
| 152|0x0000000089800000, 0x0000000089800000, 0x0000000089900000|  0%| F|  |TAMS 0x0000000089800000, 0x0000000089800000| Untracked 
| 153|0x0000000089900000, 0x0000000089900000, 0x0000000089a00000|  0%| F|  |TAMS 0x0000000089900000, 0x0000000089900000| Untracked 
| 154|0x0000000089a00000, 0x0000000089a00000, 0x0000000089b00000|  0%| F|  |TAMS 0x0000000089a00000, 0x0000000089a00000| Untracked 
| 155|0x0000000089b00000, 0x0000000089b00000, 0x0000000089c00000|  0%| F|  |TAMS 0x0000000089b00000, 0x0000000089b00000| Untracked 
| 156|0x0000000089c00000, 0x0000000089c00000, 0x0000000089d00000|  0%| F|  |TAMS 0x0000000089c00000, 0x0000000089c00000| Untracked 
| 157|0x0000000089d00000, 0x0000000089d00000, 0x0000000089e00000|  0%| F|  |TAMS 0x0000000089d00000, 0x0000000089d00000| Untracked 
| 158|0x0000000089e00000, 0x0000000089e00000, 0x0000000089f00000|  0%| F|  |TAMS 0x0000000089e00000, 0x0000000089e00000| Untracked 
| 159|0x0000000089f00000, 0x0000000089f00000, 0x000000008a000000|  0%| F|  |TAMS 0x0000000089f00000, 0x0000000089f00000| Untracked 
| 160|0x000000008a000000, 0x000000008a000000, 0x000000008a100000|  0%| F|  |TAMS 0x000000008a000000, 0x000000008a000000| Untracked 
| 161|0x000000008a100000, 0x000000008a180000, 0x000000008a200000| 50%| E|  |TAMS 0x000000008a100000, 0x000000008a100000| Complete 
| 162|0x000000008a200000, 0x000000008a300000, 0x000000008a300000|100%| E|CS|TAMS 0x000000008a200000, 0x000000008a200000| Complete 
| 163|0x000000008a300000, 0x000000008a400000, 0x000000008a400000|100%| E|CS|TAMS 0x000000008a300000, 0x000000008a300000| Complete 
| 164|0x000000008a400000, 0x000000008a500000, 0x000000008a500000|100%| E|CS|TAMS 0x000000008a400000, 0x000000008a400000| Complete 
| 165|0x000000008a500000, 0x000000008a600000, 0x000000008a600000|100%| E|CS|TAMS 0x000000008a500000, 0x000000008a500000| Complete 
| 166|0x000000008a600000, 0x000000008a700000, 0x000000008a700000|100%| E|CS|TAMS 0x000000008a600000, 0x000000008a600000| Complete 
| 167|0x000000008a700000, 0x000000008a800000, 0x000000008a800000|100%| E|CS|TAMS 0x000000008a700000, 0x000000008a700000| Complete 
| 168|0x000000008a800000, 0x000000008a900000, 0x000000008a900000|100%| E|CS|TAMS 0x000000008a800000, 0x000000008a800000| Complete 
| 169|0x000000008a900000, 0x000000008aa00000, 0x000000008aa00000|100%| E|CS|TAMS 0x000000008a900000, 0x000000008a900000| Complete 
| 170|0x000000008aa00000, 0x000000008ab00000, 0x000000008ab00000|100%| E|CS|TAMS 0x000000008aa00000, 0x000000008aa00000| Complete 
| 171|0x000000008ab00000, 0x000000008ac00000, 0x000000008ac00000|100%| E|CS|TAMS 0x000000008ab00000, 0x000000008ab00000| Complete 
| 172|0x000000008ac00000, 0x000000008acbbb78, 0x000000008ad00000| 73%| S|CS|TAMS 0x000000008ac00000, 0x000000008ac00000| Complete 
| 173|0x000000008ad00000, 0x000000008ae00000, 0x000000008ae00000|100%| E|CS|TAMS 0x000000008ad00000, 0x000000008ad00000| Complete 
| 174|0x000000008ae00000, 0x000000008af00000, 0x000000008af00000|100%| E|CS|TAMS 0x000000008ae00000, 0x000000008ae00000| Complete 
| 175|0x000000008af00000, 0x000000008b000000, 0x000000008b000000|100%| E|CS|TAMS 0x000000008af00000, 0x000000008af00000| Complete 
| 253|0x000000008fd00000, 0x000000008fe00000, 0x000000008fe00000|100%| E|CS|TAMS 0x000000008fd00000, 0x000000008fd00000| Complete 

Card table byte_map: [0x000001c5fc1c0000,0x000001c5fc5c0000] _byte_map_base: 0x000001c5fbdc0000

Marking Bits (Prev, Next): (CMBitMap*) 0x000001c5fba2c5d0, (CMBitMap*) 0x000001c5fba2c590
 Prev Bits: [0x000001c597e10000, 0x000001c599e10000)
 Next Bits: [0x000001c5fc9c0000, 0x000001c5fe9c0000)

Polling page: 0x000001c5f98d0000

Metaspace:

Usage:
  Non-class:     68.85 MB used.
      Class:     10.95 MB used.
       Both:     79.80 MB used.

Virtual space:
  Non-class space:      128.00 MB reserved,      69.25 MB ( 54%) committed,  2 nodes.
      Class space:        1.00 GB reserved,      11.25 MB (  1%) committed,  1 nodes.
             Both:        1.12 GB reserved,      80.50 MB (  7%) committed. 

Chunk freelists:
   Non-Class:  9.86 MB
       Class:  4.58 MB
        Both:  14.44 MB

MaxMetaspaceSize: unlimited
CompressedClassSpaceSize: 1.00 GB
Initial GC threshold: 21.00 MB
Current GC threshold: 127.75 MB
CDS: on
MetaspaceReclaimPolicy: balanced
 - commit_granule_bytes: 65536.
 - commit_granule_words: 8192.
 - virtual_space_node_default_size: 8388608.
 - enlarge_chunks_in_place: 1.
 - new_chunks_are_fully_committed: 0.
 - uncommit_free_chunks: 1.
 - use_allocation_guard: 0.
 - handle_deallocations: 1.


Internal statistics:

num_allocs_failed_limit: 9.
num_arena_births: 858.
num_arena_deaths: 0.
num_vsnodes_births: 3.
num_vsnodes_deaths: 0.
num_space_committed: 1288.
num_space_uncommitted: 0.
num_chunks_returned_to_freelist: 9.
num_chunks_taken_from_freelist: 4286.
num_chunk_merges: 9.
num_chunk_splits: 2832.
num_chunks_enlarged: 1890.
num_inconsistent_stats: 0.

CodeHeap 'non-profiled nmethods': size=120000Kb used=5833Kb max_used=5833Kb free=114167Kb
 bounds [0x000001c5908e0000, 0x000001c590ea0000, 0x000001c597e10000]
CodeHeap 'profiled nmethods': size=120000Kb used=17583Kb max_used=17583Kb free=102416Kb
 bounds [0x000001c588e10000, 0x000001c589f40000, 0x000001c590340000]
CodeHeap 'non-nmethods': size=5760Kb used=2388Kb max_used=2474Kb free=3371Kb
 bounds [0x000001c590340000, 0x000001c5905c0000, 0x000001c5908e0000]
 total_blobs=10092 nmethods=9174 adapters=830
 compilation: enabled
              stopped_count=0, restarted_count=0
 full_count=0

Compilation events (20 events):
Event: 71.364 Thread 0x000001c5ff0f0b40 nmethod 10720 0x000001c589f35310 code [0x000001c589f354c0, 0x000001c589f35668]
Event: 71.366 Thread 0x000001c5dd10ab00 10721       4       org.gradle.internal.instantiation.generator.AbstractClassGenerator::inspectType (560 bytes)
Event: 71.370 Thread 0x000001c5ff0cda80 10722   !   4       java.util.concurrent.ConcurrentHashMap::putVal (432 bytes)
Event: 71.383 Thread 0x000001c5ff0f0b40 10723       3       java.io.WinNTFileSystem::normalize (143 bytes)
Event: 71.385 Thread 0x000001c5ff0f0b40 nmethod 10723 0x000001c589f35710 code [0x000001c589f359a0, 0x000001c589f36578]
Event: 71.429 Thread 0x000001c5ff0f0b40 10724       3       java.lang.invoke.StringConcatFactory::parseRecipe (198 bytes)
Event: 71.436 Thread 0x000001c5ff0f0b40 nmethod 10724 0x000001c589f36a10 code [0x000001c589f36e80, 0x000001c589f39358]
Event: 71.436 Thread 0x000001c5ff0f0b40 10725       3       java.lang.invoke.BoundMethodHandle::speciesDataFor (32 bytes)
Event: 71.436 Thread 0x000001c5ff0f0b40 nmethod 10725 0x000001c589f3a210 code [0x000001c589f3a3c0, 0x000001c589f3a758]
Event: 71.436 Thread 0x000001c5ff0f0b40 10728       3       java.lang.invoke.InvokerBytecodeGenerator::classData (170 bytes)
Event: 71.438 Thread 0x000001c5ff0f0b40 nmethod 10728 0x000001c589f3a890 code [0x000001c589f3ab20, 0x000001c589f3b868]
Event: 71.438 Thread 0x000001c5ff0f0b40 10727       3       java.lang.invoke.LambdaFormBuffer::insertExpression (30 bytes)
Event: 71.438 Thread 0x000001c5ff0f0b40 nmethod 10727 0x000001c589f3bb90 code [0x000001c589f3bd40, 0x000001c589f3bea8]
Event: 71.452 Thread 0x000001c5ff0cda80 nmethod 10722 0x000001c590e8cb90 code [0x000001c590e8cda0, 0x000001c590e8e600]
Event: 71.452 Thread 0x000001c5ff0cda80 10726       4       java.lang.invoke.InvokerBytecodeGenerator::emitImplicitConversion (161 bytes)
Event: 71.571 Thread 0x000001c5ff0cda80 nmethod 10726 0x000001c590e8f290 code [0x000001c590e8f520, 0x000001c590e90c40]
Event: 71.627 Thread 0x000001c5ff0f0b40 10729       3       java.util.Formatter::ensureOpen (16 bytes)
Event: 71.628 Thread 0x000001c5ff0f0b40 nmethod 10729 0x000001c589f3bf90 code [0x000001c589f3c140, 0x000001c589f3c308]
Event: 71.629 Thread 0x000001c5ff0f0b40 10730       3       java.lang.CharacterDataLatin1::digit (32 bytes)
Event: 71.630 Thread 0x000001c5ff0f0b40 nmethod 10730 0x000001c589f3c410 code [0x000001c589f3c5c0, 0x000001c589f3c818]

GC Heap History (20 events):
Event: 51.872 GC heap before
{Heap before GC invocations=29 (full 0):
 garbage-first heap   total 178176K, used 135123K [0x0000000080000000, 0x0000000100000000)
  region size 1024K, 57 young (58368K), 1 survivors (1024K)
 Metaspace       used 56021K, committed 56576K, reserved 1114112K
  class space    used 7596K, committed 7872K, reserved 1048576K
}
Event: 51.877 GC heap after
{Heap after GC invocations=30 (full 0):
 garbage-first heap   total 178176K, used 78775K [0x0000000080000000, 0x0000000100000000)
  region size 1024K, 2 young (2048K), 2 survivors (2048K)
 Metaspace       used 56021K, committed 56576K, reserved 1114112K
  class space    used 7596K, committed 7872K, reserved 1048576K
}
Event: 55.069 GC heap before
{Heap before GC invocations=30 (full 0):
 garbage-first heap   total 178176K, used 143287K [0x0000000080000000, 0x0000000100000000)
  region size 1024K, 60 young (61440K), 2 survivors (2048K)
 Metaspace       used 60697K, committed 61312K, reserved 1114112K
  class space    used 8180K, committed 8448K, reserved 1048576K
}
Event: 55.077 GC heap after
{Heap after GC invocations=31 (full 0):
 garbage-first heap   total 178176K, used 85261K [0x0000000080000000, 0x0000000100000000)
  region size 1024K, 8 young (8192K), 8 survivors (8192K)
 Metaspace       used 60697K, committed 61312K, reserved 1114112K
  class space    used 8180K, committed 8448K, reserved 1048576K
}
Event: 58.257 GC heap before
{Heap before GC invocations=31 (full 0):
 garbage-first heap   total 178176K, used 142605K [0x0000000080000000, 0x0000000100000000)
  region size 1024K, 61 young (62464K), 8 survivors (8192K)
 Metaspace       used 66205K, committed 66816K, reserved 1114112K
  class space    used 8852K, committed 9152K, reserved 1048576K
}
Event: 58.269 GC heap after
{Heap after GC invocations=32 (full 0):
 garbage-first heap   total 178176K, used 93292K [0x0000000080000000, 0x0000000100000000)
  region size 1024K, 4 young (4096K), 4 survivors (4096K)
 Metaspace       used 66205K, committed 66816K, reserved 1114112K
  class space    used 8852K, committed 9152K, reserved 1048576K
}
Event: 59.903 GC heap before
{Heap before GC invocations=32 (full 0):
 garbage-first heap   total 178176K, used 142444K [0x0000000080000000, 0x0000000100000000)
  region size 1024K, 53 young (54272K), 4 survivors (4096K)
 Metaspace       used 66926K, committed 67584K, reserved 1114112K
  class space    used 8954K, committed 9280K, reserved 1048576K
}
Event: 59.915 GC heap after
{Heap after GC invocations=33 (full 0):
 garbage-first heap   total 178176K, used 98945K [0x0000000080000000, 0x0000000100000000)
  region size 1024K, 6 young (6144K), 6 survivors (6144K)
 Metaspace       used 66926K, committed 67584K, reserved 1114112K
  class space    used 8954K, committed 9280K, reserved 1048576K
}
Event: 62.515 GC heap before
{Heap before GC invocations=33 (full 0):
 garbage-first heap   total 178176K, used 144001K [0x0000000080000000, 0x0000000100000000)
  region size 1024K, 50 young (51200K), 6 survivors (6144K)
 Metaspace       used 69925K, committed 70592K, reserved 1114112K
  class space    used 9347K, committed 9664K, reserved 1048576K
}
Event: 62.525 GC heap after
{Heap after GC invocations=34 (full 0):
 garbage-first heap   total 178176K, used 100904K [0x0000000080000000, 0x0000000100000000)
  region size 1024K, 2 young (2048K), 2 survivors (2048K)
 Metaspace       used 69925K, committed 70592K, reserved 1114112K
  class space    used 9347K, committed 9664K, reserved 1048576K
}
Event: 64.403 GC heap before
{Heap before GC invocations=34 (full 0):
 garbage-first heap   total 178176K, used 148008K [0x0000000080000000, 0x0000000100000000)
  region size 1024K, 47 young (48128K), 2 survivors (2048K)
 Metaspace       used 73462K, committed 74112K, reserved 1114112K
  class space    used 10004K, committed 10304K, reserved 1048576K
}
Event: 64.410 GC heap after
{Heap after GC invocations=35 (full 0):
 garbage-first heap   total 178176K, used 102110K [0x0000000080000000, 0x0000000100000000)
  region size 1024K, 4 young (4096K), 4 survivors (4096K)
 Metaspace       used 73462K, committed 74112K, reserved 1114112K
  class space    used 10004K, committed 10304K, reserved 1048576K
}
Event: 66.267 GC heap before
{Heap before GC invocations=35 (full 0):
 garbage-first heap   total 178176K, used 148190K [0x0000000080000000, 0x0000000100000000)
  region size 1024K, 49 young (50176K), 4 survivors (4096K)
 Metaspace       used 76713K, committed 77440K, reserved 1179648K
  class space    used 10465K, committed 10816K, reserved 1048576K
}
Event: 66.277 GC heap after
{Heap after GC invocations=36 (full 0):
 garbage-first heap   total 178176K, used 104963K [0x0000000080000000, 0x0000000100000000)
  region size 1024K, 6 young (6144K), 6 survivors (6144K)
 Metaspace       used 76713K, committed 77440K, reserved 1179648K
  class space    used 10465K, committed 10816K, reserved 1048576K
}
Event: 67.739 GC heap before
{Heap before GC invocations=36 (full 0):
 garbage-first heap   total 178176K, used 119299K [0x0000000080000000, 0x0000000100000000)
  region size 1024K, 21 young (21504K), 6 survivors (6144K)
 Metaspace       used 77743K, committed 78400K, reserved 1179648K
  class space    used 10606K, committed 10944K, reserved 1048576K
}
Event: 67.751 GC heap after
{Heap after GC invocations=37 (full 0):
 garbage-first heap   total 178176K, used 106216K [0x0000000080000000, 0x0000000100000000)
  region size 1024K, 5 young (5120K), 5 survivors (5120K)
 Metaspace       used 77743K, committed 78400K, reserved 1179648K
  class space    used 10606K, committed 10944K, reserved 1048576K
}
Event: 70.785 GC heap before
{Heap before GC invocations=38 (full 0):
 garbage-first heap   total 181248K, used 148200K [0x0000000080000000, 0x0000000100000000)
  region size 1024K, 46 young (47104K), 5 survivors (5120K)
 Metaspace       used 80342K, committed 81024K, reserved 1179648K
  class space    used 10999K, committed 11328K, reserved 1048576K
}
Event: 70.797 GC heap after
{Heap after GC invocations=39 (full 0):
 garbage-first heap   total 181248K, used 108550K [0x0000000080000000, 0x0000000100000000)
  region size 1024K, 4 young (4096K), 4 survivors (4096K)
 Metaspace       used 80342K, committed 81024K, reserved 1179648K
  class space    used 10999K, committed 11328K, reserved 1048576K
}
Event: 70.918 GC heap before
{Heap before GC invocations=39 (full 0):
 garbage-first heap   total 181248K, used 112646K [0x0000000080000000, 0x0000000100000000)
  region size 1024K, 8 young (8192K), 4 survivors (4096K)
 Metaspace       used 80570K, committed 81216K, reserved 1179648K
  class space    used 11034K, committed 11328K, reserved 1048576K
}
Event: 70.926 GC heap after
{Heap after GC invocations=40 (full 0):
 garbage-first heap   total 181248K, used 106536K [0x0000000080000000, 0x0000000100000000)
  region size 1024K, 1 young (1024K), 1 survivors (1024K)
 Metaspace       used 80570K, committed 81216K, reserved 1179648K
  class space    used 11034K, committed 11328K, reserved 1048576K
}

Dll operation events (15 events):
Event: 0.045 Loaded shared library C:\Program Files\OpenLogic\jdk-17.0.14.7-hotspot\bin\java.dll
Event: 0.097 Loaded shared library C:\Program Files\OpenLogic\jdk-17.0.14.7-hotspot\bin\jsvml.dll
Event: 0.272 Loaded shared library C:\Program Files\OpenLogic\jdk-17.0.14.7-hotspot\bin\zip.dll
Event: 0.278 Loaded shared library C:\Program Files\OpenLogic\jdk-17.0.14.7-hotspot\bin\instrument.dll
Event: 0.291 Loaded shared library C:\Program Files\OpenLogic\jdk-17.0.14.7-hotspot\bin\net.dll
Event: 0.296 Loaded shared library C:\Program Files\OpenLogic\jdk-17.0.14.7-hotspot\bin\nio.dll
Event: 0.303 Loaded shared library C:\Program Files\OpenLogic\jdk-17.0.14.7-hotspot\bin\zip.dll
Event: 1.910 Loaded shared library C:\Program Files\OpenLogic\jdk-17.0.14.7-hotspot\bin\jimage.dll
Event: 3.097 Loaded shared library C:\Program Files\OpenLogic\jdk-17.0.14.7-hotspot\bin\verify.dll
Event: 3.643 Loaded shared library C:\Users\hamza\.gradle\native\c067742578af261105cb4f569cf0c3c89f3d7b1fecec35dd04571415982c5e48\windows-amd64\native-platform.dll
Event: 3.693 Loaded shared library C:\Users\hamza\.gradle\native\100fb08df4bc3b14c8652ba06237920a3bd2aa13389f12d3474272988ae205f9\windows-amd64\native-platform-file-events.dll
Event: 9.323 Loaded shared library C:\Program Files\OpenLogic\jdk-17.0.14.7-hotspot\bin\management.dll
Event: 9.335 Loaded shared library C:\Program Files\OpenLogic\jdk-17.0.14.7-hotspot\bin\management_ext.dll
Event: 9.940 Loaded shared library C:\Program Files\OpenLogic\jdk-17.0.14.7-hotspot\bin\extnet.dll
Event: 10.656 Loaded shared library C:\Program Files\OpenLogic\jdk-17.0.14.7-hotspot\bin\sunmscapi.dll

Deoptimization events (20 events):
Event: 71.427 Thread 0x000001c5e2db8220 Uncommon trap: trap_request=0xffffffc6 fr.pc=0x000001c590a351a0 relative=0x0000000000000260
Event: 71.427 Thread 0x000001c5e2db8220 Uncommon trap: reason=bimorphic_or_optimized_type_check action=maybe_recompile pc=0x000001c590a351a0 method=java.util.regex.Pattern$BmpCharPredicate.lambda$union$2(Ljava/util/regex/Pattern$CharPredicate;I)Z @ 2 c2
Event: 71.427 Thread 0x000001c5e2db8220 DEOPT PACKING pc=0x000001c590a351a0 sp=0x00000024f20f7780
Event: 71.427 Thread 0x000001c5e2db8220 DEOPT UNPACKING pc=0x000001c5903969a3 sp=0x00000024f20f76a8 mode 2
Event: 71.427 Thread 0x000001c5e2db8220 Uncommon trap: trap_request=0xffffffc6 fr.pc=0x000001c590a351a0 relative=0x0000000000000260
Event: 71.427 Thread 0x000001c5e2db8220 Uncommon trap: reason=bimorphic_or_optimized_type_check action=maybe_recompile pc=0x000001c590a351a0 method=java.util.regex.Pattern$BmpCharPredicate.lambda$union$2(Ljava/util/regex/Pattern$CharPredicate;I)Z @ 2 c2
Event: 71.427 Thread 0x000001c5e2db8220 DEOPT PACKING pc=0x000001c590a351a0 sp=0x00000024f20f7780
Event: 71.427 Thread 0x000001c5e2db8220 DEOPT UNPACKING pc=0x000001c5903969a3 sp=0x00000024f20f76a8 mode 2
Event: 71.428 Thread 0x000001c5e2db8220 Uncommon trap: trap_request=0xffffffc6 fr.pc=0x000001c590a351a0 relative=0x0000000000000260
Event: 71.428 Thread 0x000001c5e2db8220 Uncommon trap: reason=bimorphic_or_optimized_type_check action=maybe_recompile pc=0x000001c590a351a0 method=java.util.regex.Pattern$BmpCharPredicate.lambda$union$2(Ljava/util/regex/Pattern$CharPredicate;I)Z @ 2 c2
Event: 71.428 Thread 0x000001c5e2db8220 DEOPT PACKING pc=0x000001c590a351a0 sp=0x00000024f20f7780
Event: 71.428 Thread 0x000001c5e2db8220 DEOPT UNPACKING pc=0x000001c5903969a3 sp=0x00000024f20f76a8 mode 2
Event: 71.479 Thread 0x000001c5e2db8220 Uncommon trap: trap_request=0xffffffc6 fr.pc=0x000001c590de25f4 relative=0x0000000000000874
Event: 71.479 Thread 0x000001c5e2db8220 Uncommon trap: reason=bimorphic_or_optimized_type_check action=maybe_recompile pc=0x000001c590de25f4 method=java.io.BufferedInputStream.read1([BII)I @ 39 c2
Event: 71.479 Thread 0x000001c5e2db8220 DEOPT PACKING pc=0x000001c590de25f4 sp=0x00000024f20f90a0
Event: 71.479 Thread 0x000001c5e2db8220 DEOPT UNPACKING pc=0x000001c5903969a3 sp=0x00000024f20f8fb8 mode 2
Event: 71.480 Thread 0x000001c5e2db8220 Uncommon trap: trap_request=0xffffffc6 fr.pc=0x000001c590de25f4 relative=0x0000000000000874
Event: 71.480 Thread 0x000001c5e2db8220 Uncommon trap: reason=bimorphic_or_optimized_type_check action=maybe_recompile pc=0x000001c590de25f4 method=java.io.BufferedInputStream.read1([BII)I @ 39 c2
Event: 71.480 Thread 0x000001c5e2db8220 DEOPT PACKING pc=0x000001c590de25f4 sp=0x00000024f20f90a0
Event: 71.480 Thread 0x000001c5e2db8220 DEOPT UNPACKING pc=0x000001c5903969a3 sp=0x00000024f20f8fb8 mode 2

Classes loaded (20 events):
Event: 69.742 Loading class sun/reflect/misc/MethodUtil$1
Event: 69.742 Loading class sun/reflect/misc/MethodUtil$1 done
Event: 69.871 Loading class java/nio/channels/Channels$1
Event: 69.872 Loading class java/nio/channels/Channels$1 done
Event: 70.197 Loading class java/util/AbstractList$ListItr
Event: 70.197 Loading class java/util/AbstractList$ListItr done
Event: 71.232 Loading class java/net/Proxy
Event: 71.232 Loading class java/net/Proxy done
Event: 71.232 Loading class java/net/Proxy$Type
Event: 71.232 Loading class java/net/Proxy$Type done
Event: 71.480 Loading class java/util/EnumMap$EntrySet
Event: 71.481 Loading class java/util/EnumMap$EntrySet done
Event: 71.481 Loading class java/util/EnumMap$EntryIterator
Event: 71.481 Loading class java/util/EnumMap$EnumMapIterator
Event: 71.481 Loading class java/util/EnumMap$EnumMapIterator done
Event: 71.481 Loading class java/util/EnumMap$EntryIterator done
Event: 71.481 Loading class java/util/EnumMap$EntryIterator$Entry
Event: 71.482 Loading class java/util/EnumMap$EntryIterator$Entry done
Event: 71.581 Loading class javax/xml/namespace/QName
Event: 71.582 Loading class javax/xml/namespace/QName done

Classes unloaded (0 events):
No events

Classes redefined (0 events):
No events

Internal exceptions (20 events):
Event: 66.179 Thread 0x000001c5e2db8220 Exception <a 'java/lang/ClassNotFoundException'{0x00000000883b8f98}: com/android/build/gradle/internal/api/BaseVariantImplCustomizer> (0x00000000883b8f98) 
thrown [s\src\hotspot\share\classfile\systemDictionary.cpp, line 256]
Event: 66.185 Thread 0x000001c5e2db8220 Exception <a 'java/lang/ClassNotFoundException'{0x000000008820e330}: com/android/build/gradle/internal/api/AndroidArtifactVariantImplCustomizer> (0x000000008820e330) 
thrown [s\src\hotspot\share\classfile\systemDictionary.cpp, line 256]
Event: 66.200 Thread 0x000001c5e2db8220 Exception <a 'java/lang/ClassNotFoundException'{0x00000000882311a8}: com/android/build/gradle/internal/api/InstallableVariantImplCustomizer> (0x00000000882311a8) 
thrown [s\src\hotspot\share\classfile\systemDictionary.cpp, line 256]
Event: 66.210 Thread 0x000001c5e2db8220 Exception <a 'java/lang/ClassNotFoundException'{0x0000000088258760}: com/android/build/gradle/internal/api/ApkVariantImplCustomizer> (0x0000000088258760) 
thrown [s\src\hotspot\share\classfile\systemDictionary.cpp, line 256]
Event: 66.214 Thread 0x000001c5e2db8220 Exception <a 'java/lang/ClassNotFoundException'{0x000000008827ea80}: com/android/build/gradle/internal/api/ApplicationVariantImplCustomizer> (0x000000008827ea80) 
thrown [s\src\hotspot\share\classfile\systemDictionary.cpp, line 256]
Event: 66.218 Thread 0x000001c5e2db8220 Exception <a 'java/lang/ClassNotFoundException'{0x00000000882a8ff0}: com/android/build/gradle/internal/api/ApplicationVariantImpl_DecoratedCustomizer> (0x00000000882a8ff0) 
thrown [s\src\hotspot\share\classfile\systemDictionary.cpp, line 256]
Event: 66.279 Thread 0x000001c5e2db8220 Exception <a 'java/lang/ClassNotFoundException'{0x000000008fd6e708}: java/lang/StringBeanInfo> (0x000000008fd6e708) 
thrown [s\src\hotspot\share\classfile\systemDictionary.cpp, line 256]
Event: 66.281 Thread 0x000001c5e2db8220 Exception <a 'java/lang/ClassNotFoundException'{0x000000008fd75a28}: java/lang/StringCustomizer> (0x000000008fd75a28) 
thrown [s\src\hotspot\share\classfile\systemDictionary.cpp, line 256]
Event: 66.318 Thread 0x000001c5e2db8220 Exception <a 'java/lang/ClassNotFoundException'{0x000000008ac07250}: java/io/FileBeanInfo> (0x000000008ac07250) 
thrown [s\src\hotspot\share\classfile\systemDictionary.cpp, line 256]
Event: 66.319 Thread 0x000001c5e2db8220 Exception <a 'java/lang/ClassNotFoundException'{0x000000008ac0e430}: java/io/FileCustomizer> (0x000000008ac0e430) 
thrown [s\src\hotspot\share\classfile\systemDictionary.cpp, line 256]
Event: 69.743 Thread 0x000001c5e2db8220 Implicit null exception at 0x000001c590beedd4 to 0x000001c590beef84
Event: 69.743 Thread 0x000001c5e2db8220 Implicit null exception at 0x000001c590e4b6a0 to 0x000001c590e4b880
Event: 70.229 Thread 0x000001c5e2db8220 Implicit null exception at 0x000001c590999a12 to 0x000001c59099a0bc
Event: 70.532 Thread 0x000001c5e2db8220 Exception <a 'java/lang/NoSuchMethodError'{0x0000000088a8da80}: 'java.lang.Object java.lang.invoke.DirectMethodHandle$Holder.newInvokeSpecial(java.lang.Object, java.lang.Object, java.lang.Object, java.lang.Object, java.lang.Object, java.lang.Object, int)'> (0x0000000088a8da80) 
thrown [s\src\hotspot\share\interpreter\linkResolver.cpp, line 759]
Event: 70.532 Thread 0x000001c5e2db8220 Exception <a 'java/lang/NoSuchMethodError'{0x0000000088a93488}: 'java.lang.Object java.lang.invoke.DirectMethodHandle$Holder.invokeSpecial(java.lang.Object, java.lang.Object, java.lang.Object, java.lang.Object, java.lang.Object, java.lang.Object, java.lang.Object, int)'> (0x0000000088a93488) 
thrown [s\src\hotspot\share\interpreter\linkResolver.cpp, line 759]
Event: 70.533 Thread 0x000001c5e2db8220 Exception <a 'java/lang/NoSuchMethodError'{0x0000000088a98860}: 'java.lang.Object java.lang.invoke.Invokers$Holder.linkToTargetMethod(java.lang.Object, java.lang.Object, java.lang.Object, java.lang.Object, java.lang.Object, int, java.lang.Object)'> (0x0000000088a98860) 
thrown [s\src\hotspot\share\interpreter\linkResolver.cpp, line 759]
Event: 71.437 Thread 0x000001c5e2db8220 Exception <a 'sun/nio/fs/WindowsException'{0x000000008a7d74c8}> (0x000000008a7d74c8) 
thrown [s\src\hotspot\share\prims\jni.cpp, line 516]
Event: 71.438 Thread 0x000001c5e2db8220 Exception <a 'sun/nio/fs/WindowsException'{0x000000008a7d8b08}> (0x000000008a7d8b08) 
thrown [s\src\hotspot\share\prims\jni.cpp, line 516]
Event: 71.438 Thread 0x000001c5e2db8220 Exception <a 'sun/nio/fs/WindowsException'{0x000000008a7da198}> (0x000000008a7da198) 
thrown [s\src\hotspot\share\prims\jni.cpp, line 516]
Event: 71.438 Thread 0x000001c5e2db8220 Exception <a 'sun/nio/fs/WindowsException'{0x000000008a7db828}> (0x000000008a7db828) 
thrown [s\src\hotspot\share\prims\jni.cpp, line 516]

VM Operations (20 events):
Event: 67.907 Executing VM operation: G1PauseRemark
Event: 67.915 Executing VM operation: G1PauseRemark done
Event: 67.917 Executing VM operation: HandshakeAllThreads
Event: 67.917 Executing VM operation: HandshakeAllThreads done
Event: 67.993 Executing VM operation: G1PauseCleanup
Event: 68.006 Executing VM operation: G1PauseCleanup done
Event: 68.510 Executing VM operation: HandshakeAllThreads
Event: 68.510 Executing VM operation: HandshakeAllThreads done
Event: 69.518 Executing VM operation: Cleanup
Event: 69.518 Executing VM operation: Cleanup done
Event: 70.199 Executing VM operation: HandshakeAllThreads
Event: 70.199 Executing VM operation: HandshakeAllThreads done
Event: 70.233 Executing VM operation: ICBufferFull
Event: 70.234 Executing VM operation: ICBufferFull done
Event: 70.784 Executing VM operation: G1CollectForAllocation
Event: 70.797 Executing VM operation: G1CollectForAllocation done
Event: 70.918 Executing VM operation: G1CollectForAllocation
Event: 70.926 Executing VM operation: G1CollectForAllocation done
Event: 71.929 Executing VM operation: Cleanup
Event: 71.929 Executing VM operation: Cleanup done

Memory protections (0 events):
No events

Nmethod flushes (20 events):
Event: 63.350 Thread 0x000001c5ff102eb0 flushing  nmethod 0x000001c589c27410
Event: 63.350 Thread 0x000001c5ff102eb0 flushing  nmethod 0x000001c589c38510
Event: 63.350 Thread 0x000001c5ff102eb0 flushing  nmethod 0x000001c589c3ad10
Event: 63.350 Thread 0x000001c5ff102eb0 flushing  nmethod 0x000001c589c3d610
Event: 63.351 Thread 0x000001c5ff102eb0 flushing  nmethod 0x000001c589c4ea90
Event: 63.351 Thread 0x000001c5ff102eb0 flushing  nmethod 0x000001c589c4fd90
Event: 63.351 Thread 0x000001c5ff102eb0 flushing  nmethod 0x000001c589c52710
Event: 63.351 Thread 0x000001c5ff102eb0 flushing  nmethod 0x000001c589ceb410
Event: 63.352 Thread 0x000001c5ff102eb0 flushing  nmethod 0x000001c589d70390
Event: 63.352 Thread 0x000001c5ff102eb0 flushing  nmethod 0x000001c589d70790
Event: 63.352 Thread 0x000001c5ff102eb0 flushing osr nmethod 0x000001c589d74010
Event: 63.352 Thread 0x000001c5ff102eb0 flushing  nmethod 0x000001c589d74f10
Event: 63.352 Thread 0x000001c5ff102eb0 flushing  nmethod 0x000001c589d85290
Event: 63.352 Thread 0x000001c5ff102eb0 flushing  nmethod 0x000001c589de5690
Event: 63.353 Thread 0x000001c5ff102eb0 flushing  nmethod 0x000001c589e83c10
Event: 63.353 Thread 0x000001c5ff102eb0 flushing  nmethod 0x000001c589e88090
Event: 63.353 Thread 0x000001c5ff102eb0 flushing  nmethod 0x000001c589e8ae90
Event: 63.353 Thread 0x000001c5ff102eb0 flushing  nmethod 0x000001c589e8cd90
Event: 63.353 Thread 0x000001c5ff102eb0 flushing  nmethod 0x000001c589eb7290
Event: 63.353 Thread 0x000001c5ff102eb0 flushing  nmethod 0x000001c589eba810

Events (20 events):
Event: 51.526 Thread 0x000001c5e2db8220 Thread added: 0x000001c5e66d9610
Event: 52.166 Thread 0x000001c5ff0f0b40 Thread added: 0x000001c5dd108b20
Event: 52.914 Thread 0x000001c5dd108b20 Thread exited: 0x000001c5dd108b20
Event: 53.278 Thread 0x000001c5ff0f0b40 Thread added: 0x000001c5dd10b050
Event: 53.415 Thread 0x000001c5dd10b050 Thread exited: 0x000001c5dd10b050
Event: 54.296 Thread 0x000001c5ff0f0b40 Thread added: 0x000001c5dd108b20
Event: 56.751 Thread 0x000001c5dd108b20 Thread exited: 0x000001c5dd108b20
Event: 57.932 Thread 0x000001c5e2db8220 Thread added: 0x000001c5e66da540
Event: 58.286 Thread 0x000001c5ff0f0b40 Thread added: 0x000001c5dd108b20
Event: 58.711 Thread 0x000001c5e2db8220 Thread added: 0x000001c5e66d8bf0
Event: 60.793 Thread 0x000001c5dd108b20 Thread exited: 0x000001c5dd108b20
Event: 62.883 Thread 0x000001c5ff0f0b40 Thread added: 0x000001c5dd1095c0
Event: 63.426 Thread 0x000001c5dd1095c0 Thread exited: 0x000001c5dd1095c0
Event: 65.317 Thread 0x000001c5ff0f0b40 Thread added: 0x000001c5dd10ab00
Event: 66.193 Thread 0x000001c5dd10ab00 Thread added: 0x000001c5dd109b10
Event: 67.107 Thread 0x000001c5dd109b10 Thread exited: 0x000001c5dd109b10
Event: 68.110 Thread 0x000001c5dd10ab00 Thread exited: 0x000001c5dd10ab00
Event: 69.679 Thread 0x000001c5ff0f0b40 Thread added: 0x000001c5dd108b20
Event: 70.345 Thread 0x000001c5dd108b20 Thread exited: 0x000001c5dd108b20
Event: 70.880 Thread 0x000001c5ff0f0b40 Thread added: 0x000001c5dd10ab00


Dynamic libraries:
0x00007ff762b90000 - 0x00007ff762b9e000 	C:\Program Files\OpenLogic\jdk-17.0.14.7-hotspot\bin\java.exe
0x00007ffc52820000 - 0x00007ffc52a87000 	C:\WINDOWS\SYSTEM32\ntdll.dll
0x00007ffc516c0000 - 0x00007ffc51789000 	C:\WINDOWS\System32\KERNEL32.DLL
0x00007ffc4fe50000 - 0x00007ffc5023f000 	C:\WINDOWS\System32\KERNELBASE.dll
0x00007ffc50440000 - 0x00007ffc5058b000 	C:\WINDOWS\System32\ucrtbase.dll
0x00007ffc2b050000 - 0x00007ffc2b06b000 	C:\Program Files\OpenLogic\jdk-17.0.14.7-hotspot\bin\VCRUNTIME140.dll
0x00007ffc2b030000 - 0x00007ffc2b047000 	C:\Program Files\OpenLogic\jdk-17.0.14.7-hotspot\bin\jli.dll
0x00007ffc514e0000 - 0x00007ffc516a5000 	C:\WINDOWS\System32\USER32.dll
0x00007ffc50590000 - 0x00007ffc505b7000 	C:\WINDOWS\System32\win32u.dll
0x00007ffc51fc0000 - 0x00007ffc51feb000 	C:\WINDOWS\System32\GDI32.dll
0x00007ffc50310000 - 0x00007ffc5043c000 	C:\WINDOWS\System32\gdi32full.dll
0x00007ffc4faf0000 - 0x00007ffc4fb93000 	C:\WINDOWS\System32\msvcp_win.dll
0x00007ffc363e0000 - 0x00007ffc36673000 	C:\WINDOWS\WinSxS\amd64_microsoft.windows.common-controls_6595b64144ccf1df_6.0.26100.7309_none_3e05feeae336a044\COMCTL32.dll
0x00007ffc505f0000 - 0x00007ffc50699000 	C:\WINDOWS\System32\msvcrt.dll
0x00007ffc51ec0000 - 0x00007ffc51ef1000 	C:\WINDOWS\System32\IMM32.DLL
0x00007ffc35360000 - 0x00007ffc3536c000 	C:\Program Files\OpenLogic\jdk-17.0.14.7-hotspot\bin\vcruntime140_1.dll
0x00007ffbf9c70000 - 0x00007ffbf9cfd000 	C:\Program Files\OpenLogic\jdk-17.0.14.7-hotspot\bin\msvcp140.dll
0x00007ffbb4e30000 - 0x00007ffbb5a9c000 	C:\Program Files\OpenLogic\jdk-17.0.14.7-hotspot\bin\server\jvm.dll
0x00007ffc52380000 - 0x00007ffc52434000 	C:\WINDOWS\System32\ADVAPI32.dll
0x00007ffc51ae0000 - 0x00007ffc51b86000 	C:\WINDOWS\System32\sechost.dll
0x00007ffc50eb0000 - 0x00007ffc50fc8000 	C:\WINDOWS\System32\RPCRT4.dll
0x00007ffc51ca0000 - 0x00007ffc51d14000 	C:\WINDOWS\System32\WS2_32.dll
0x00007ffc4f7d0000 - 0x00007ffc4f82e000 	C:\WINDOWS\SYSTEM32\POWRPROF.dll
0x00007ffc3a4e0000 - 0x00007ffc3a515000 	C:\WINDOWS\SYSTEM32\WINMM.dll
0x00007ffc469d0000 - 0x00007ffc469db000 	C:\WINDOWS\SYSTEM32\VERSION.dll
0x00007ffc4f7b0000 - 0x00007ffc4f7c4000 	C:\WINDOWS\SYSTEM32\UMPDC.dll
0x00007ffc4e720000 - 0x00007ffc4e73b000 	C:\WINDOWS\SYSTEM32\kernel.appcore.dll
0x00007ffc2c290000 - 0x00007ffc2c29a000 	C:\Program Files\OpenLogic\jdk-17.0.14.7-hotspot\bin\jimage.dll
0x00007ffc4d050000 - 0x00007ffc4d292000 	C:\WINDOWS\SYSTEM32\DBGHELP.DLL
0x00007ffc52440000 - 0x00007ffc527c5000 	C:\WINDOWS\System32\combase.dll
0x00007ffc51790000 - 0x00007ffc51866000 	C:\WINDOWS\System32\OLEAUT32.dll
0x00007ffc2dc70000 - 0x00007ffc2dcac000 	C:\WINDOWS\SYSTEM32\dbgcore.DLL
0x00007ffc4fba0000 - 0x00007ffc4fc45000 	C:\WINDOWS\System32\bcryptPrimitives.dll
0x00007ffc237f0000 - 0x00007ffc237fe000 	C:\Program Files\OpenLogic\jdk-17.0.14.7-hotspot\bin\instrument.dll
0x00007ffc2afa0000 - 0x00007ffc2afc5000 	C:\Program Files\OpenLogic\jdk-17.0.14.7-hotspot\bin\java.dll
0x00007ffbf3720000 - 0x00007ffbf37f6000 	C:\Program Files\OpenLogic\jdk-17.0.14.7-hotspot\bin\jsvml.dll
0x00007ffc50750000 - 0x00007ffc50ea3000 	C:\WINDOWS\System32\SHELL32.dll
0x00007ffc4fce0000 - 0x00007ffc4fe4a000 	C:\WINDOWS\System32\wintypes.dll
0x00007ffc4d5b0000 - 0x00007ffc4de0e000 	C:\WINDOWS\SYSTEM32\windows.storage.dll
0x00007ffc51870000 - 0x00007ffc51965000 	C:\WINDOWS\System32\SHCORE.dll
0x00007ffc51460000 - 0x00007ffc514c6000 	C:\WINDOWS\System32\shlwapi.dll
0x00007ffc4f890000 - 0x00007ffc4f8b9000 	C:\WINDOWS\SYSTEM32\profapi.dll
0x00007ffc26040000 - 0x00007ffc26058000 	C:\Program Files\OpenLogic\jdk-17.0.14.7-hotspot\bin\zip.dll
0x00007ffc2a200000 - 0x00007ffc2a219000 	C:\Program Files\OpenLogic\jdk-17.0.14.7-hotspot\bin\net.dll
0x00007ffc48960000 - 0x00007ffc48a88000 	C:\WINDOWS\SYSTEM32\WINHTTP.dll
0x00007ffc4ec90000 - 0x00007ffc4ecfb000 	C:\WINDOWS\system32\mswsock.dll
0x00007ffc274a0000 - 0x00007ffc274b6000 	C:\Program Files\OpenLogic\jdk-17.0.14.7-hotspot\bin\nio.dll
0x00007ffc2a1f0000 - 0x00007ffc2a200000 	C:\Program Files\OpenLogic\jdk-17.0.14.7-hotspot\bin\verify.dll
0x00007ffc2e2d0000 - 0x00007ffc2e2f7000 	C:\Users\hamza\.gradle\native\c067742578af261105cb4f569cf0c3c89f3d7b1fecec35dd04571415982c5e48\windows-amd64\native-platform.dll
0x00007ffbf35d0000 - 0x00007ffbf3714000 	C:\Users\hamza\.gradle\native\100fb08df4bc3b14c8652ba06237920a3bd2aa13389f12d3474272988ae205f9\windows-amd64\native-platform-file-events.dll
0x00007ffc25fa0000 - 0x00007ffc25fa9000 	C:\Program Files\OpenLogic\jdk-17.0.14.7-hotspot\bin\management.dll
0x00007ffc24f00000 - 0x00007ffc24f0b000 	C:\Program Files\OpenLogic\jdk-17.0.14.7-hotspot\bin\management_ext.dll
0x00007ffc514d0000 - 0x00007ffc514d8000 	C:\WINDOWS\System32\PSAPI.DLL
0x00007ffc4ef50000 - 0x00007ffc4ef6b000 	C:\WINDOWS\SYSTEM32\CRYPTSP.dll
0x00007ffc4e680000 - 0x00007ffc4e6ba000 	C:\WINDOWS\system32\rsaenh.dll
0x00007ffc4ed40000 - 0x00007ffc4ed6b000 	C:\WINDOWS\SYSTEM32\USERENV.dll
0x00007ffc4f860000 - 0x00007ffc4f88a000 	C:\WINDOWS\SYSTEM32\bcrypt.dll
0x00007ffc4ef70000 - 0x00007ffc4ef7c000 	C:\WINDOWS\SYSTEM32\CRYPTBASE.dll
0x00007ffc4e130000 - 0x00007ffc4e164000 	C:\WINDOWS\SYSTEM32\IPHLPAPI.DLL
0x00007ffc505e0000 - 0x00007ffc505ea000 	C:\WINDOWS\System32\NSI.dll
0x00007ffc47f40000 - 0x00007ffc47f5e000 	C:\WINDOWS\SYSTEM32\dhcpcsvc6.DLL
0x00007ffc47f10000 - 0x00007ffc47f33000 	C:\WINDOWS\SYSTEM32\dhcpcsvc.DLL
0x00007ffc4e1c0000 - 0x00007ffc4e2ec000 	C:\WINDOWS\SYSTEM32\DNSAPI.dll
0x00007ffc24ef0000 - 0x00007ffc24ef8000 	C:\Program Files\OpenLogic\jdk-17.0.14.7-hotspot\bin\extnet.dll
0x00007ffc237e0000 - 0x00007ffc237ee000 	C:\Program Files\OpenLogic\jdk-17.0.14.7-hotspot\bin\sunmscapi.dll
0x00007ffc4f970000 - 0x00007ffc4fae7000 	C:\WINDOWS\System32\CRYPT32.dll
0x00007ffc4f170000 - 0x00007ffc4f1a0000 	C:\WINDOWS\SYSTEM32\ncrypt.dll
0x00007ffc4f120000 - 0x00007ffc4f15f000 	C:\WINDOWS\SYSTEM32\NTASN1.dll
0x00007ffbcd5a0000 - 0x00007ffbcd5a8000 	C:\WINDOWS\system32\wshunix.dll
0x00007ffc49cc0000 - 0x00007ffc49cd8000 	C:\WINDOWS\system32\napinsp.dll
0x00007ffc49a70000 - 0x00007ffc49a82000 	C:\WINDOWS\System32\winrnr.dll
0x00007ffc49a40000 - 0x00007ffc49a62000 	C:\WINDOWS\system32\nlansp_c.dll
0x00007ffc230c0000 - 0x00007ffc230d6000 	C:\WINDOWS\system32\wshbth.dll
0x00007ffc390d0000 - 0x00007ffc390db000 	C:\Windows\System32\rasadhlp.dll
0x00007ffc470d0000 - 0x00007ffc47156000 	C:\WINDOWS\System32\fwpuclnt.dll

dbghelp: loaded successfully - version: 4.0.5 - missing functions: none
symbol engine: initialized successfully - sym options: 0x614 - pdb path: .;C:\Program Files\OpenLogic\jdk-17.0.14.7-hotspot\bin;C:\WINDOWS\SYSTEM32;C:\WINDOWS\WinSxS\amd64_microsoft.windows.common-controls_6595b64144ccf1df_6.0.26100.7309_none_3e05feeae336a044;C:\Program Files\OpenLogic\jdk-17.0.14.7-hotspot\bin\server;C:\Users\hamza\.gradle\native\c067742578af261105cb4f569cf0c3c89f3d7b1fecec35dd04571415982c5e48\windows-amd64;C:\Users\hamza\.gradle\native\100fb08df4bc3b14c8652ba06237920a3bd2aa13389f12d3474272988ae205f9\windows-amd64

VM Arguments:
jvm_args: --add-opens=java.base/java.lang=ALL-UNNAMED --add-opens=java.base/java.lang.invoke=ALL-UNNAMED --add-opens=java.base/java.util=ALL-UNNAMED --add-opens=java.prefs/java.util.prefs=ALL-UNNAMED --add-exports=jdk.compiler/com.sun.tools.javac.api=ALL-UNNAMED --add-exports=jdk.compiler/com.sun.tools.javac.util=ALL-UNNAMED --add-opens=java.base/java.util=ALL-UNNAMED --add-opens=java.prefs/java.util.prefs=ALL-UNNAMED --add-opens=java.base/java.nio.charset=ALL-UNNAMED --add-opens=java.base/java.net=ALL-UNNAMED --add-opens=java.base/java.util.concurrent.atomic=ALL-UNNAMED --add-opens=java.xml/javax.xml.namespace=ALL-UNNAMED -Xmx2048m -Dfile.encoding=UTF-8 -Duser.country=US -Duser.language=en -Duser.variant -javaagent:C:\Users\hamza\.gradle\wrapper\dists\gradle-8.11.1-bin\bpt9gzteqjrbo1mjrsomdt32c\gradle-8.11.1\lib\agents\gradle-instrumentation-agent-8.11.1.jar 
java_command: org.gradle.launcher.daemon.bootstrap.GradleDaemon 8.11.1
java_class_path (initial): C:\Users\hamza\.gradle\wrapper\dists\gradle-8.11.1-bin\bpt9gzteqjrbo1mjrsomdt32c\gradle-8.11.1\lib\gradle-daemon-main-8.11.1.jar
Launcher Type: SUN_STANDARD

[Global flags]
     intx CICompilerCount                          = 4                                         {product} {ergonomic}
     uint ConcGCThreads                            = 2                                         {product} {ergonomic}
     uint G1ConcRefinementThreads                  = 8                                         {product} {ergonomic}
   size_t G1HeapRegionSize                         = 1048576                                   {product} {ergonomic}
    uintx GCDrainStackTargetSize                   = 64                                        {product} {ergonomic}
   size_t InitialHeapSize                          = 266338304                                 {product} {ergonomic}
   size_t MarkStackSize                            = 4194304                                   {product} {ergonomic}
   size_t MaxHeapSize                              = 2147483648                                {product} {command line}
   size_t MaxNewSize                               = 1287651328                                {product} {ergonomic}
   size_t MinHeapDeltaBytes                        = 1048576                                   {product} {ergonomic}
   size_t MinHeapSize                              = 8388608                                   {product} {ergonomic}
    uintx NonNMethodCodeHeapSize                   = 5839372                                {pd product} {ergonomic}
    uintx NonProfiledCodeHeapSize                  = 122909434                              {pd product} {ergonomic}
    uintx ProfiledCodeHeapSize                     = 122909434                              {pd product} {ergonomic}
    uintx ReservedCodeCacheSize                    = 251658240                              {pd product} {ergonomic}
     bool SegmentedCodeCache                       = true                                      {product} {ergonomic}
   size_t SoftMaxHeapSize                          = 2147483648                             {manageable} {ergonomic}
     bool UseCompressedClassPointers               = true                           {product lp64_product} {ergonomic}
     bool UseCompressedOops                        = true                           {product lp64_product} {ergonomic}
     bool UseG1GC                                  = true                                      {product} {ergonomic}
     bool UseLargePagesIndividualAllocation        = false                                  {pd product} {ergonomic}

Logging:
Log output configuration:
 #0: stdout all=warning uptime,level,tags
 #1: stderr all=off uptime,level,tags

Environment Variables:
CLASSPATH=C:\Users\hamza\Documents\GitHub\Truckingapp\\gradle\wrapper\gradle-wrapper.jar
PATH=C:\Program Files\OpenLogic\jdk-17.0.14.7-hotspot\bin;C:\Program Files\Python38\Scripts\;C:\Program Files\Python38\;C:\Program Files\Common Files\Oracle\Java\javapath;C:\WINDOWS\system32;C:\WINDOWS;C:\WINDOWS\System32\Wbem;C:\WINDOWS\System32\WindowsPowerShell\v1.0\;C:\WINDOWS\System32\OpenSSH\;C:\Program Files\Java\jdk-11\binn;C:\Program Files\Java\jdk-11_;E:\src\flutter\bin;E:\src\flutter;C:\Program Files\Git\cmd;C:\Program Files\nodejs\node_modules\npm\bin;C:\Program Files\nodejs\node_modules\npm;C:\Users\hamza\AppData\Local\Pub\Cache\bin;C:\Program Files\dotnet\;C:\Program Files\Microsoft SQL Server\150\Tools\Binn\;E:\xampp\php;C:\ProgramData\ComposerSetup\bin;C:\ProgramData\chocolatey\bin;C:\Users\hamza\AppData\Local\Microsoft\WindowsApps;C:\Users\hamza\AppData\Local\GitHubDesktop\bin;C:\Program Files\Java\jdk-11\binn;C:\Program Files\Java\jdk-11_;C:\src\flutter\bin;E:\src\flutter;C:\Program Files\JetBrains\PyCharm 2024.2.4\bin;;C:\Program Files\nodejs\node_modules\npm\bin;C:\Program Files\nodejs\node_modules\npm;C:\Users\hamza\AppData\Local\Pub\Cache\bin;C:\Users\hamza\.dotnet\tools;C:\Users\hamza\AppData\Roaming\Composer\vendor\bin;C:\Users\hamza\AppData\Local\Programs\Antigravity\bin
USERNAME=hamza
OS=Windows_NT
PROCESSOR_IDENTIFIER=Intel64 Family 6 Model 142 Stepping 12, GenuineIntel
TMP=C:\Users\hamza\AppData\Local\Temp
TEMP=C:\Users\hamza\AppData\Local\Temp



Periodic native trim disabled


---------------  S Y S T E M  ---------------

OS:
 Windows 11 , 64 bit Build 26100 (10.0.26100.7309)
OS uptime: 11 days 7:04 hours

CPU: total 8 (initial active 8) (4 cores per cpu, 2 threads per core) family 6 model 142 stepping 12 microcode 0x100, cx8, cmov, fxsr, ht, mmx, 3dnowpref, sse, sse2, sse3, ssse3, sse4.1, sse4.2, popcnt, lzcnt, tsc, tscinvbit, avx, avx2, aes, erms, clmul, bmi1, bmi2, adx, fma, vzeroupper, clflush, clflushopt
Processor Information for processor 0
  Max Mhz: 1800, Current Mhz: 1600, Mhz Limit: 1584
Processor Information for processor 1
  Max Mhz: 1800, Current Mhz: 1600, Mhz Limit: 1584
Processor Information for processor 2
  Max Mhz: 1800, Current Mhz: 1500, Mhz Limit: 1584
Processor Information for processor 3
  Max Mhz: 1800, Current Mhz: 1600, Mhz Limit: 1584
Processor Information for processor 4
  Max Mhz: 1800, Current Mhz: 1500, Mhz Limit: 1584
Processor Information for processor 5
  Max Mhz: 1800, Current Mhz: 1500, Mhz Limit: 1584
Processor Information for processor 6
  Max Mhz: 1800, Current Mhz: 1600, Mhz Limit: 1584
Processor Information for processor 7
  Max Mhz: 1800, Current Mhz: 1600, Mhz Limit: 1584

Memory: 4k page, system-wide physical 16190M (627M free)
TotalPageFile size 39739M (AvailPageFile size 3M)
current process WorkingSet (physical memory assigned to process): 401M, peak: 421M
current process commit charge ("private bytes"): 462M, peak: 478M

vm_info: OpenJDK 64-Bit Server VM (17.0.14+7-adhoc..jdk17u) for windows-amd64 JRE (17.0.14+7-adhoc..jdk17u), built on Jan 22 2025 11:06:43 by "" with MS VC++ 16.10 / 16.11 (VS2019)

END.
